2021-01-27 10:30:43,387 INFO o.a.j.u.JMeterUtils: Setting Locale to en_EN
2021-01-27 10:30:43,398 INFO o.a.j.JMeter: Loading user properties from: E:\apache-jmeter-5.3\bin\user.properties
2021-01-27 10:30:43,398 INFO o.a.j.JMeter: Loading system properties from: E:\apache-jmeter-5.3\bin\system.properties
2021-01-27 10:30:43,399 INFO o.a.j.JMeter: Copyright (c) 1998-2020 The Apache Software Foundation
2021-01-27 10:30:43,400 INFO o.a.j.JMeter: Version 5.3
2021-01-27 10:30:43,400 INFO o.a.j.JMeter: java.version=1.8.0_231
2021-01-27 10:30:43,400 INFO o.a.j.JMeter: java.vm.name=Java HotSpot(TM) 64-Bit Server VM
2021-01-27 10:30:43,400 INFO o.a.j.JMeter: os.name=Windows 7
2021-01-27 10:30:43,400 INFO o.a.j.JMeter: os.arch=amd64
2021-01-27 10:30:43,400 INFO o.a.j.JMeter: os.version=6.1
2021-01-27 10:30:43,400 INFO o.a.j.JMeter: file.encoding=GBK
2021-01-27 10:30:43,400 INFO o.a.j.JMeter: java.awt.headless=true
2021-01-27 10:30:43,400 INFO o.a.j.JMeter: Max memory     =1073741824
2021-01-27 10:30:43,400 INFO o.a.j.JMeter: Available Processors =4
2021-01-27 10:30:43,404 INFO o.a.j.JMeter: Default Locale=English (EN)
2021-01-27 10:30:43,404 INFO o.a.j.JMeter: JMeter  Locale=English (EN)
2021-01-27 10:30:43,404 INFO o.a.j.JMeter: JMeterHome=E:\apache-jmeter-5.3
2021-01-27 10:30:43,404 INFO o.a.j.JMeter: user.dir  =E:\apache-jmeter-5.2.1\jmeter_script\DashanEdu\学习8APP
2021-01-27 10:30:43,404 INFO o.a.j.JMeter: PWD       =E:\apache-jmeter-5.2.1\jmeter_script\DashanEdu\学习8APP
2021-01-27 10:30:43,405 INFO o.a.j.JMeter: IP: 169.254.113.103 Name: PC-201811111737 FullName: PC-201811111737
2021-01-27 10:30:43,408 INFO o.a.j.JMeter: Setting property 'jmeter.reportgenerator.outputdir' to:'E:\apache-jmeter-5.2.1\jmeter_script\DashanEdu\学习8APP\htmlTestreport'
2021-01-27 10:30:43,410 INFO o.a.j.s.FileServer: Default base='E:\apache-jmeter-5.2.1\jmeter_script\DashanEdu\学习8APP'
2021-01-27 10:30:43,413 INFO o.a.j.s.FileServer: Set new base='E:\apache-jmeter-5.2.1\jmeter_script\DashanEdu\学习8APP'
2021-01-27 10:30:43,513 INFO o.a.j.s.SaveService: Testplan (JMX) version: 2.2. Testlog (JTL) version: 2.2
2021-01-27 10:30:43,527 INFO o.a.j.s.SaveService: Using SaveService properties file encoding UTF-8
2021-01-27 10:30:43,531 INFO o.a.j.s.SaveService: Using SaveService properties version 5.0
2021-01-27 10:30:43,536 INFO o.a.j.s.SaveService: Loading file: 0127test.jmx
2021-01-27 10:30:43,562 INFO o.a.j.p.h.c.CookieManager: Settings: Delete null: true Check: true Allow variable: true Save: false Prefix: COOKIE_
2021-01-27 10:30:43,592 INFO o.a.j.p.h.s.HTTPSamplerBase: Parser for text/html is org.apache.jmeter.protocol.http.parser.LagartoBasedHtmlParser
2021-01-27 10:30:43,592 INFO o.a.j.p.h.s.HTTPSamplerBase: Parser for application/xhtml+xml is org.apache.jmeter.protocol.http.parser.LagartoBasedHtmlParser
2021-01-27 10:30:43,592 INFO o.a.j.p.h.s.HTTPSamplerBase: Parser for application/xml is org.apache.jmeter.protocol.http.parser.LagartoBasedHtmlParser
2021-01-27 10:30:43,592 INFO o.a.j.p.h.s.HTTPSamplerBase: Parser for text/xml is org.apache.jmeter.protocol.http.parser.LagartoBasedHtmlParser
2021-01-27 10:30:43,592 INFO o.a.j.p.h.s.HTTPSamplerBase: Parser for text/vnd.wap.wml is org.apache.jmeter.protocol.http.parser.RegexpHTMLParser
2021-01-27 10:30:43,592 INFO o.a.j.p.h.s.HTTPSamplerBase: Parser for text/css is org.apache.jmeter.protocol.http.parser.CssParser
2021-01-27 10:30:43,626 INFO o.a.j.JMeter: Creating summariser <summary>
2021-01-27 10:30:43,641 INFO o.a.j.r.d.ReportGenerator: ReportGenerator will use for Parsing the separator: ','
2021-01-27 10:30:43,642 INFO o.a.j.r.d.ReportGenerator: Will generate report at end of test from  results file: test.jtl
2021-01-27 10:30:43,642 INFO o.a.j.r.d.ReportGenerator: Reading report generator properties from: E:\apache-jmeter-5.3\bin\reportgenerator.properties
2021-01-27 10:30:43,647 INFO o.a.j.r.d.ReportGenerator: Merging with JMeter properties
2021-01-27 10:30:43,663 INFO o.a.j.r.c.ReportGeneratorConfiguration: Property 'jmeter.reportgenerator.temp_dir' not found, using default value 'temp' instead.
2021-01-27 10:30:43,666 INFO o.a.j.r.c.ReportGeneratorConfiguration: Property 'jmeter.reportgenerator.apdex_per_transaction' not found, using default value 'null' instead.
2021-01-27 10:30:43,666 INFO o.a.j.r.c.ReportGeneratorConfiguration: apdex_per_transaction is empty, not APDEX per transaction customization
2021-01-27 10:30:43,667 INFO o.a.j.r.c.ReportGeneratorConfiguration: Property 'jmeter.reportgenerator.sample_filter' not found, using default value 'null' instead.
2021-01-27 10:30:43,667 INFO o.a.j.r.c.ReportGeneratorConfiguration: Property 'jmeter.reportgenerator.report_title' not found, using default value 'null' instead.
2021-01-27 10:30:43,667 INFO o.a.j.r.c.ReportGeneratorConfiguration: Property 'jmeter.reportgenerator.start_date' not found, using default value 'null' instead.
2021-01-27 10:30:43,667 INFO o.a.j.r.c.ReportGeneratorConfiguration: Property 'jmeter.reportgenerator.end_date' not found, using default value 'null' instead.
2021-01-27 10:30:43,667 INFO o.a.j.r.c.ReportGeneratorConfiguration: Property 'jmeter.reportgenerator.date_format' not found, using default value 'null' instead.
2021-01-27 10:30:43,667 INFO o.a.j.r.c.ReportGeneratorConfiguration: Will use date range start date: null, end date: null
2021-01-27 10:30:43,672 INFO o.a.j.r.c.ReportGeneratorConfiguration: Property 'jmeter.reportgenerator.graph.totalTPS.exclude_controllers' not found, using default value 'false' instead.
2021-01-27 10:30:43,673 INFO o.a.j.r.c.ReportGeneratorConfiguration: Property 'jmeter.reportgenerator.graph.activeThreadsOverTime.exclude_controllers' not found, using default value 'false' instead.
2021-01-27 10:30:43,673 INFO o.a.j.r.c.ReportGeneratorConfiguration: Property 'jmeter.reportgenerator.graph.timeVsThreads.exclude_controllers' not found, using default value 'false' instead.
2021-01-27 10:30:43,673 INFO o.a.j.r.c.ReportGeneratorConfiguration: Property 'jmeter.reportgenerator.graph.responseTimeDistribution.exclude_controllers' not found, using default value 'false' instead.
2021-01-27 10:30:43,673 INFO o.a.j.r.c.ReportGeneratorConfiguration: Property 'jmeter.reportgenerator.graph.transactionsPerSecond.exclude_controllers' not found, using default value 'false' instead.
2021-01-27 10:30:43,673 INFO o.a.j.r.c.ReportGeneratorConfiguration: Property 'jmeter.reportgenerator.graph.responseTimePercentiles.exclude_controllers' not found, using default value 'false' instead.
2021-01-27 10:30:43,673 INFO o.a.j.r.c.ReportGeneratorConfiguration: Property 'jmeter.reportgenerator.graph.responseTimePercentilesOverTime.exclude_controllers' not found, using default value 'false' instead.
2021-01-27 10:30:43,673 INFO o.a.j.r.c.ReportGeneratorConfiguration: Property 'jmeter.reportgenerator.graph.responseTimesOverTime.exclude_controllers' not found, using default value 'false' instead.
2021-01-27 10:30:43,673 INFO o.a.j.r.c.ReportGeneratorConfiguration: Property 'jmeter.reportgenerator.graph.connectTimeOverTime.exclude_controllers' not found, using default value 'false' instead.
2021-01-27 10:30:43,674 INFO o.a.j.r.c.ReportGeneratorConfiguration: Property 'jmeter.reportgenerator.graph.latenciesOverTime.exclude_controllers' not found, using default value 'false' instead.
2021-01-27 10:30:43,674 INFO o.a.j.r.c.ReportGeneratorConfiguration: Property 'jmeter.reportgenerator.exporter.json.filters_only_sample_series' not found, using default value 'true' instead.
2021-01-27 10:30:43,674 INFO o.a.j.r.c.ReportGeneratorConfiguration: Property 'jmeter.reportgenerator.exporter.json.series_filter' not found, using default value '' instead.
2021-01-27 10:30:43,675 INFO o.a.j.r.c.ReportGeneratorConfiguration: Property 'jmeter.reportgenerator.exporter.json.show_controllers_only' not found, using default value 'false' instead.
2021-01-27 10:30:43,676 INFO o.a.j.r.c.ReportGeneratorConfiguration: Property 'jmeter.reportgenerator.exporter.html.filters_only_sample_series' not found, using default value 'true' instead.
2021-01-27 10:30:43,676 INFO o.a.j.r.c.ReportGeneratorConfiguration: Property 'jmeter.reportgenerator.exporter.html.series_filter' not found, using default value '' instead.
2021-01-27 10:30:43,676 INFO o.a.j.r.c.ReportGeneratorConfiguration: Property 'jmeter.reportgenerator.exporter.html.show_controllers_only' not found, using default value 'false' instead.
2021-01-27 10:30:43,681 INFO o.a.j.e.StandardJMeterEngine: Running the test!
2021-01-27 10:30:43,684 INFO o.a.j.s.SampleEvent: List of sample_variables: []
2021-01-27 10:30:43,684 INFO o.a.j.s.SampleEvent: List of sample_variables: []
2021-01-27 10:30:43,689 INFO o.a.j.e.u.CompoundVariable: Note: Function class names must contain the string: '.functions.'
2021-01-27 10:30:43,689 INFO o.a.j.e.u.CompoundVariable: Note: Function class names must not contain the string: '.gui.'
2021-01-27 10:30:43,964 INFO o.a.j.JMeter: Running test (1611714643964)
2021-01-27 10:30:44,002 INFO o.a.j.e.StandardJMeterEngine: Starting ThreadGroup: 1 : 登录后一系列操作
2021-01-27 10:30:44,003 INFO o.a.j.e.StandardJMeterEngine: Starting 250 threads for group 登录后一系列操作.
2021-01-27 10:30:44,003 INFO o.a.j.e.StandardJMeterEngine: Thread will continue on error
2021-01-27 10:30:44,004 INFO k.a.j.t.AbstractSimpleThreadGroup: Starting thread group number 1 threads 250
2021-01-27 10:30:44,121 INFO k.a.j.t.AbstractSimpleThreadGroup: Started thread group number 1
2021-01-27 10:30:44,121 INFO o.a.j.e.StandardJMeterEngine: Starting ThreadGroup: 2 : 发现――面授课直播
2021-01-27 10:30:44,121 INFO o.a.j.e.StandardJMeterEngine: Starting 250 threads for group 发现――面授课直播.
2021-01-27 10:30:44,121 INFO o.a.j.e.StandardJMeterEngine: Thread will continue on error
2021-01-27 10:30:44,121 INFO k.a.j.t.AbstractSimpleThreadGroup: Starting thread group number 2 threads 250
2021-01-27 10:30:44,124 INFO o.a.j.t.JMeterThread: Thread started: 登录后一系列操作 1-249
2021-01-27 10:30:44,126 INFO o.a.j.s.FileServer: Stored: /data/perfomance_test_0126.csv
2021-01-27 10:30:44,137 INFO o.a.j.t.JMeterThread: Thread started: 登录后一系列操作 1-250
2021-01-27 10:30:44,153 INFO o.a.j.p.h.s.HTTPHCAbstractImpl: Local host = PC-201811111737
2021-01-27 10:30:44,162 INFO o.a.j.p.h.s.HTTPHC4Impl: HTTP request retry count = 0
2021-01-27 10:30:44,164 INFO o.a.j.s.SampleResult: Note: Sample TimeStamps are START times
2021-01-27 10:30:44,164 INFO o.a.j.s.SampleResult: sampleresult.default.encoding is set to UTF-8
2021-01-27 10:30:44,164 INFO o.a.j.s.SampleResult: sampleresult.useNanoTime=true
2021-01-27 10:30:44,164 INFO o.a.j.s.SampleResult: sampleresult.nanoThreadSleep=5000
2021-01-27 10:30:44,184 INFO o.a.j.t.JMeterThread: Thread started: 登录后一系列操作 1-248
2021-01-27 10:30:44,203 INFO k.a.j.t.AbstractSimpleThreadGroup: Started thread group number 2
2021-01-27 10:30:44,203 INFO o.a.j.e.StandardJMeterEngine: Starting ThreadGroup: 3 : 家校
2021-01-27 10:30:44,203 INFO o.a.j.e.StandardJMeterEngine: Starting 250 threads for group 家校.
2021-01-27 10:30:44,203 INFO o.a.j.e.StandardJMeterEngine: Thread will continue on error
2021-01-27 10:30:44,203 INFO k.a.j.t.AbstractSimpleThreadGroup: Starting thread group number 3 threads 250
2021-01-27 10:30:44,249 INFO o.a.j.t.JMeterThread: Thread started: 登录后一系列操作 1-247
2021-01-27 10:30:44,255 INFO o.a.j.t.JMeterThread: Thread started: 发现――面授课直播 2-250
2021-01-27 10:30:44,271 INFO k.a.j.t.AbstractSimpleThreadGroup: Started thread group number 3
2021-01-27 10:30:44,271 INFO o.a.j.e.StandardJMeterEngine: All thread groups have been started
2021-01-27 10:30:44,281 INFO o.a.j.p.h.s.h.LazyLayeredConnectionSocketFactory: Setting up HTTPS TrustAll Socket Factory
2021-01-27 10:30:44,286 INFO o.a.j.u.JsseSSLManager: Using default SSL protocol: TLS
2021-01-27 10:30:44,286 INFO o.a.j.u.JsseSSLManager: SSL session context: per-thread
2021-01-27 10:30:44,304 INFO o.a.j.t.JMeterThread: Thread started: 登录后一系列操作 1-246
2021-01-27 10:30:44,324 INFO o.a.j.t.JMeterThread: Thread started: 家校 3-250
2021-01-27 10:30:44,361 INFO o.a.j.t.JMeterThread: Thread started: 发现――面授课直播 2-249
2021-01-27 10:30:44,364 INFO o.a.j.t.JMeterThread: Thread started: 登录后一系列操作 1-245
2021-01-27 10:30:44,424 INFO o.a.j.t.JMeterThread: Thread started: 登录后一系列操作 1-244
2021-01-27 10:30:44,444 INFO o.a.j.t.JMeterThread: Thread started: 家校 3-249
2021-01-27 10:30:44,481 INFO o.a.j.t.JMeterThread: Thread started: 发现――面授课直播 2-248
2021-01-27 10:30:44,484 INFO o.a.j.t.JMeterThread: Thread started: 登录后一系列操作 1-243
2021-01-27 10:30:44,545 INFO o.a.j.t.JMeterThread: Thread started: 登录后一系列操作 1-242
2021-01-27 10:30:44,564 INFO o.a.j.t.JMeterThread: Thread started: 家校 3-248
2021-01-27 10:30:44,601 INFO o.a.j.t.JMeterThread: Thread started: 发现――面授课直播 2-247
2021-01-27 10:30:44,604 INFO o.a.j.t.JMeterThread: Thread started: 登录后一系列操作 1-241
2021-01-27 10:30:44,664 INFO o.a.j.t.JMeterThread: Thread started: 登录后一系列操作 1-240
2021-01-27 10:30:44,684 INFO o.a.j.t.JMeterThread: Thread started: 家校 3-247
2021-01-27 10:30:44,721 INFO o.a.j.t.JMeterThread: Thread started: 发现――面授课直播 2-246
2021-01-27 10:30:44,724 INFO o.a.j.t.JMeterThread: Thread started: 登录后一系列操作 1-239
2021-01-27 10:30:44,784 INFO o.a.j.t.JMeterThread: Thread started: 登录后一系列操作 1-238
2021-01-27 10:30:44,802 INFO o.a.j.u.SSLManager: JmeterKeyStore Location:  type JKS
2021-01-27 10:30:44,804 INFO o.a.j.t.JMeterThread: Thread started: 家校 3-246
2021-01-27 10:30:44,804 INFO o.a.j.u.SSLManager: KeyStore created OK
2021-01-27 10:30:44,804 WARN o.a.j.u.SSLManager: Keystore file not found, loading empty keystore
2021-01-27 10:30:44,841 INFO o.a.j.t.JMeterThread: Thread started: 发现――面授课直播 2-245
2021-01-27 10:30:44,844 INFO o.a.j.t.JMeterThread: Thread started: 登录后一系列操作 1-237
2021-01-27 10:30:44,904 INFO o.a.j.t.JMeterThread: Thread started: 登录后一系列操作 1-236
2021-01-27 10:30:44,924 INFO o.a.j.t.JMeterThread: Thread started: 家校 3-245
2021-01-27 10:30:44,961 INFO o.a.j.t.JMeterThread: Thread started: 发现――面授课直播 2-244
2021-01-27 10:30:44,964 INFO o.a.j.t.JMeterThread: Thread started: 登录后一系列操作 1-235
2021-01-27 10:30:45,024 INFO o.a.j.t.JMeterThread: Thread started: 登录后一系列操作 1-234
2021-01-27 10:30:45,044 INFO o.a.j.t.JMeterThread: Thread started: 家校 3-244
2021-01-27 10:30:45,081 INFO o.a.j.t.JMeterThread: Thread started: 发现――面授课直播 2-243
2021-01-27 10:30:45,084 INFO o.a.j.t.JMeterThread: Thread started: 登录后一系列操作 1-233
2021-01-27 10:30:45,144 INFO o.a.j.t.JMeterThread: Thread started: 登录后一系列操作 1-232
2021-01-27 10:30:45,164 INFO o.a.j.t.JMeterThread: Thread started: 家校 3-243
2021-01-27 10:30:45,201 INFO o.a.j.t.JMeterThread: Thread started: 发现――面授课直播 2-242
2021-01-27 10:30:45,204 INFO o.a.j.t.JMeterThread: Thread started: 登录后一系列操作 1-231
2021-01-27 10:30:45,264 INFO o.a.j.t.JMeterThread: Thread started: 登录后一系列操作 1-230
2021-01-27 10:30:45,285 INFO o.a.j.t.JMeterThread: Thread started: 家校 3-242
2021-01-27 10:30:45,336 INFO o.a.j.t.JMeterThread: Thread started: 发现――面授课直播 2-241
2021-01-27 10:30:45,341 INFO o.a.j.t.JMeterThread: Thread started: 登录后一系列操作 1-229
2021-01-27 10:30:45,411 INFO o.a.j.t.JMeterThread: Thread started: 登录后一系列操作 1-228
2021-01-27 10:30:45,417 INFO o.a.j.t.JMeterThread: Thread started: 家校 3-241
2021-01-27 10:30:45,443 INFO o.a.j.t.JMeterThread: Thread started: 发现――面授课直播 2-240
2021-01-27 10:30:45,444 INFO o.a.j.t.JMeterThread: Thread started: 登录后一系列操作 1-227
2021-01-27 10:30:45,506 INFO o.a.j.t.JMeterThread: Thread started: 登录后一系列操作 1-226
2021-01-27 10:30:45,524 INFO o.a.j.t.JMeterThread: Thread started: 家校 3-240
2021-01-27 10:30:45,561 INFO o.a.j.t.JMeterThread: Thread started: 发现――面授课直播 2-239
2021-01-27 10:30:45,564 INFO o.a.j.t.JMeterThread: Thread started: 登录后一系列操作 1-225
2021-01-27 10:30:45,624 INFO o.a.j.t.JMeterThread: Thread started: 登录后一系列操作 1-224
2021-01-27 10:30:45,644 INFO o.a.j.t.JMeterThread: Thread started: 家校 3-239
2021-01-27 10:30:45,681 INFO o.a.j.t.JMeterThread: Thread started: 发现――面授课直播 2-238
2021-01-27 10:30:45,684 INFO o.a.j.t.JMeterThread: Thread started: 登录后一系列操作 1-223
2021-01-27 10:30:45,745 INFO o.a.j.t.JMeterThread: Thread started: 登录后一系列操作 1-222
2021-01-27 10:30:45,764 INFO o.a.j.t.JMeterThread: Thread started: 家校 3-238
2021-01-27 10:30:45,801 INFO o.a.j.t.JMeterThread: Thread started: 发现――面授课直播 2-237
2021-01-27 10:30:45,804 INFO o.a.j.t.JMeterThread: Thread started: 登录后一系列操作 1-221
2021-01-27 10:30:45,864 INFO o.a.j.t.JMeterThread: Thread started: 登录后一系列操作 1-220
2021-01-27 10:30:45,884 INFO o.a.j.t.JMeterThread: Thread started: 家校 3-237
2021-01-27 10:30:45,921 INFO o.a.j.t.JMeterThread: Thread started: 发现――面授课直播 2-236
2021-01-27 10:30:45,924 INFO o.a.j.t.JMeterThread: Thread started: 登录后一系列操作 1-219
2021-01-27 10:30:45,984 INFO o.a.j.t.JMeterThread: Thread started: 登录后一系列操作 1-218
2021-01-27 10:30:46,004 INFO o.a.j.t.JMeterThread: Thread started: 家校 3-236
2021-01-27 10:30:46,041 INFO o.a.j.t.JMeterThread: Thread started: 发现――面授课直播 2-235
2021-01-27 10:30:46,044 INFO o.a.j.t.JMeterThread: Thread started: 登录后一系列操作 1-217
2021-01-27 10:30:46,104 INFO o.a.j.t.JMeterThread: Thread started: 登录后一系列操作 1-216
2021-01-27 10:30:46,124 INFO o.a.j.t.JMeterThread: Thread started: 家校 3-235
2021-01-27 10:30:46,161 INFO o.a.j.t.JMeterThread: Thread started: 发现――面授课直播 2-234
2021-01-27 10:30:46,164 INFO o.a.j.t.JMeterThread: Thread started: 登录后一系列操作 1-215
2021-01-27 10:30:46,224 INFO o.a.j.t.JMeterThread: Thread started: 登录后一系列操作 1-214
2021-01-27 10:30:46,244 INFO o.a.j.t.JMeterThread: Thread started: 家校 3-234
2021-01-27 10:30:46,281 INFO o.a.j.t.JMeterThread: Thread started: 发现――面授课直播 2-233
2021-01-27 10:30:46,284 INFO o.a.j.t.JMeterThread: Thread started: 登录后一系列操作 1-213
2021-01-27 10:30:46,344 INFO o.a.j.t.JMeterThread: Thread started: 登录后一系列操作 1-212
2021-01-27 10:30:46,364 INFO o.a.j.t.JMeterThread: Thread started: 家校 3-233
2021-01-27 10:30:46,401 INFO o.a.j.t.JMeterThread: Thread started: 发现――面授课直播 2-232
2021-01-27 10:30:46,404 INFO o.a.j.t.JMeterThread: Thread started: 登录后一系列操作 1-211
2021-01-27 10:30:46,464 INFO o.a.j.t.JMeterThread: Thread started: 登录后一系列操作 1-210
2021-01-27 10:30:46,484 INFO o.a.j.t.JMeterThread: Thread started: 家校 3-232
2021-01-27 10:30:46,521 INFO o.a.j.t.JMeterThread: Thread started: 发现――面授课直播 2-231
2021-01-27 10:30:46,524 INFO o.a.j.t.JMeterThread: Thread started: 登录后一系列操作 1-209
2021-01-27 10:30:46,584 INFO o.a.j.t.JMeterThread: Thread started: 登录后一系列操作 1-208
2021-01-27 10:30:46,604 INFO o.a.j.t.JMeterThread: Thread started: 家校 3-231
2021-01-27 10:30:46,641 INFO o.a.j.t.JMeterThread: Thread started: 发现――面授课直播 2-230
2021-01-27 10:30:46,644 INFO o.a.j.t.JMeterThread: Thread started: 登录后一系列操作 1-207
2021-01-27 10:30:46,704 INFO o.a.j.t.JMeterThread: Thread started: 登录后一系列操作 1-206
2021-01-27 10:30:46,724 INFO o.a.j.t.JMeterThread: Thread started: 家校 3-230
2021-01-27 10:30:46,761 INFO o.a.j.t.JMeterThread: Thread started: 发现――面授课直播 2-229
2021-01-27 10:30:46,764 INFO o.a.j.t.JMeterThread: Thread started: 登录后一系列操作 1-205
2021-01-27 10:30:46,824 INFO o.a.j.t.JMeterThread: Thread started: 登录后一系列操作 1-204
2021-01-27 10:30:46,844 INFO o.a.j.t.JMeterThread: Thread started: 家校 3-229
2021-01-27 10:30:46,881 INFO o.a.j.t.JMeterThread: Thread started: 发现――面授课直播 2-228
2021-01-27 10:30:46,884 INFO o.a.j.t.JMeterThread: Thread started: 登录后一系列操作 1-203
2021-01-27 10:30:46,944 INFO o.a.j.t.JMeterThread: Thread started: 登录后一系列操作 1-202
2021-01-27 10:30:46,964 INFO o.a.j.t.JMeterThread: Thread started: 家校 3-228
2021-01-27 10:30:47,001 INFO o.a.j.t.JMeterThread: Thread started: 发现――面授课直播 2-227
2021-01-27 10:30:47,004 INFO o.a.j.t.JMeterThread: Thread started: 登录后一系列操作 1-201
2021-01-27 10:30:47,064 INFO o.a.j.t.JMeterThread: Thread started: 登录后一系列操作 1-200
2021-01-27 10:30:47,084 INFO o.a.j.t.JMeterThread: Thread started: 家校 3-227
2021-01-27 10:30:47,121 INFO o.a.j.t.JMeterThread: Thread started: 发现――面授课直播 2-226
2021-01-27 10:30:47,124 INFO o.a.j.t.JMeterThread: Thread started: 登录后一系列操作 1-199
2021-01-27 10:30:47,184 INFO o.a.j.t.JMeterThread: Thread started: 登录后一系列操作 1-198
2021-01-27 10:30:47,204 INFO o.a.j.t.JMeterThread: Thread started: 家校 3-226
2021-01-27 10:30:47,241 INFO o.a.j.t.JMeterThread: Thread started: 发现――面授课直播 2-225
2021-01-27 10:30:47,244 INFO o.a.j.t.JMeterThread: Thread started: 登录后一系列操作 1-197
2021-01-27 10:30:47,306 INFO o.a.j.t.JMeterThread: Thread started: 登录后一系列操作 1-196
2021-01-27 10:30:47,324 INFO o.a.j.t.JMeterThread: Thread started: 家校 3-225
2021-01-27 10:30:47,361 INFO o.a.j.t.JMeterThread: Thread started: 发现――面授课直播 2-224
2021-01-27 10:30:47,364 INFO o.a.j.t.JMeterThread: Thread started: 登录后一系列操作 1-195
2021-01-27 10:30:47,424 INFO o.a.j.t.JMeterThread: Thread started: 登录后一系列操作 1-194
2021-01-27 10:30:47,444 INFO o.a.j.t.JMeterThread: Thread started: 家校 3-224
2021-01-27 10:30:47,481 INFO o.a.j.t.JMeterThread: Thread started: 发现――面授课直播 2-223
2021-01-27 10:30:47,484 INFO o.a.j.t.JMeterThread: Thread started: 登录后一系列操作 1-193
2021-01-27 10:30:47,544 INFO o.a.j.t.JMeterThread: Thread started: 登录后一系列操作 1-192
2021-01-27 10:30:47,564 INFO o.a.j.t.JMeterThread: Thread started: 家校 3-223
2021-01-27 10:30:47,601 INFO o.a.j.t.JMeterThread: Thread started: 发现――面授课直播 2-222
2021-01-27 10:30:47,604 INFO o.a.j.t.JMeterThread: Thread started: 登录后一系列操作 1-191
2021-01-27 10:30:47,664 INFO o.a.j.t.JMeterThread: Thread started: 登录后一系列操作 1-190
2021-01-27 10:30:47,684 INFO o.a.j.t.JMeterThread: Thread started: 家校 3-222
2021-01-27 10:30:47,721 INFO o.a.j.t.JMeterThread: Thread started: 发现――面授课直播 2-221
2021-01-27 10:30:47,724 INFO o.a.j.t.JMeterThread: Thread started: 登录后一系列操作 1-189
2021-01-27 10:30:47,784 INFO o.a.j.t.JMeterThread: Thread started: 登录后一系列操作 1-188
2021-01-27 10:30:47,804 INFO o.a.j.t.JMeterThread: Thread started: 家校 3-221
2021-01-27 10:30:47,841 INFO o.a.j.t.JMeterThread: Thread started: 发现――面授课直播 2-220
2021-01-27 10:30:47,844 INFO o.a.j.t.JMeterThread: Thread started: 登录后一系列操作 1-187
2021-01-27 10:30:47,904 INFO o.a.j.t.JMeterThread: Thread started: 登录后一系列操作 1-186
2021-01-27 10:30:47,924 INFO o.a.j.t.JMeterThread: Thread started: 家校 3-220
2021-01-27 10:30:47,961 INFO o.a.j.t.JMeterThread: Thread started: 发现――面授课直播 2-219
2021-01-27 10:30:47,964 INFO o.a.j.t.JMeterThread: Thread started: 登录后一系列操作 1-185
2021-01-27 10:30:48,024 INFO o.a.j.t.JMeterThread: Thread started: 登录后一系列操作 1-184
2021-01-27 10:30:48,044 INFO o.a.j.t.JMeterThread: Thread started: 家校 3-219
2021-01-27 10:30:48,081 INFO o.a.j.t.JMeterThread: Thread started: 发现――面授课直播 2-218
2021-01-27 10:30:48,084 INFO o.a.j.t.JMeterThread: Thread started: 登录后一系列操作 1-183
2021-01-27 10:30:48,144 INFO o.a.j.t.JMeterThread: Thread started: 登录后一系列操作 1-182
2021-01-27 10:30:48,164 INFO o.a.j.t.JMeterThread: Thread started: 家校 3-218
2021-01-27 10:30:48,201 INFO o.a.j.t.JMeterThread: Thread started: 发现――面授课直播 2-217
2021-01-27 10:30:48,204 INFO o.a.j.t.JMeterThread: Thread started: 登录后一系列操作 1-181
2021-01-27 10:30:48,264 INFO o.a.j.t.JMeterThread: Thread started: 登录后一系列操作 1-180
2021-01-27 10:30:48,284 INFO o.a.j.t.JMeterThread: Thread started: 家校 3-217
2021-01-27 10:30:48,321 INFO o.a.j.t.JMeterThread: Thread started: 发现――面授课直播 2-216
2021-01-27 10:30:48,324 INFO o.a.j.t.JMeterThread: Thread started: 登录后一系列操作 1-179
2021-01-27 10:30:48,384 INFO o.a.j.t.JMeterThread: Thread started: 登录后一系列操作 1-178
2021-01-27 10:30:48,404 INFO o.a.j.t.JMeterThread: Thread started: 家校 3-216
2021-01-27 10:30:48,441 INFO o.a.j.t.JMeterThread: Thread started: 发现――面授课直播 2-215
2021-01-27 10:30:48,444 INFO o.a.j.t.JMeterThread: Thread started: 登录后一系列操作 1-177
2021-01-27 10:30:48,504 INFO o.a.j.t.JMeterThread: Thread started: 登录后一系列操作 1-176
2021-01-27 10:30:48,524 INFO o.a.j.t.JMeterThread: Thread started: 家校 3-215
2021-01-27 10:30:48,561 INFO o.a.j.t.JMeterThread: Thread started: 发现――面授课直播 2-214
2021-01-27 10:30:48,564 INFO o.a.j.t.JMeterThread: Thread started: 登录后一系列操作 1-175
2021-01-27 10:30:48,624 INFO o.a.j.t.JMeterThread: Thread started: 登录后一系列操作 1-174
2021-01-27 10:30:48,644 INFO o.a.j.t.JMeterThread: Thread started: 家校 3-214
2021-01-27 10:30:48,681 INFO o.a.j.t.JMeterThread: Thread started: 发现――面授课直播 2-213
2021-01-27 10:30:48,684 INFO o.a.j.t.JMeterThread: Thread started: 登录后一系列操作 1-173
2021-01-27 10:30:48,744 INFO o.a.j.t.JMeterThread: Thread started: 登录后一系列操作 1-172
2021-01-27 10:30:48,764 INFO o.a.j.t.JMeterThread: Thread started: 家校 3-213
2021-01-27 10:30:48,801 INFO o.a.j.t.JMeterThread: Thread started: 发现――面授课直播 2-212
2021-01-27 10:30:48,804 INFO o.a.j.t.JMeterThread: Thread started: 登录后一系列操作 1-171
2021-01-27 10:30:48,864 INFO o.a.j.t.JMeterThread: Thread started: 登录后一系列操作 1-170
2021-01-27 10:30:48,884 INFO o.a.j.t.JMeterThread: Thread started: 家校 3-212
2021-01-27 10:30:48,921 INFO o.a.j.t.JMeterThread: Thread started: 发现――面授课直播 2-211
2021-01-27 10:30:48,924 INFO o.a.j.t.JMeterThread: Thread started: 登录后一系列操作 1-169
2021-01-27 10:30:48,984 INFO o.a.j.t.JMeterThread: Thread started: 登录后一系列操作 1-168
2021-01-27 10:30:49,004 INFO o.a.j.t.JMeterThread: Thread started: 家校 3-211
2021-01-27 10:30:49,041 INFO o.a.j.t.JMeterThread: Thread started: 发现――面授课直播 2-210
2021-01-27 10:30:49,044 INFO o.a.j.t.JMeterThread: Thread started: 登录后一系列操作 1-167
2021-01-27 10:30:49,104 INFO o.a.j.t.JMeterThread: Thread started: 登录后一系列操作 1-166
2021-01-27 10:30:49,124 INFO o.a.j.t.JMeterThread: Thread started: 家校 3-210
2021-01-27 10:30:49,161 INFO o.a.j.t.JMeterThread: Thread started: 发现――面授课直播 2-209
2021-01-27 10:30:49,164 INFO o.a.j.t.JMeterThread: Thread started: 登录后一系列操作 1-165
2021-01-27 10:30:49,224 INFO o.a.j.t.JMeterThread: Thread started: 登录后一系列操作 1-164
2021-01-27 10:30:49,244 INFO o.a.j.t.JMeterThread: Thread started: 家校 3-209
2021-01-27 10:30:49,281 INFO o.a.j.t.JMeterThread: Thread started: 发现――面授课直播 2-208
2021-01-27 10:30:49,284 INFO o.a.j.t.JMeterThread: Thread started: 登录后一系列操作 1-163
2021-01-27 10:30:49,344 INFO o.a.j.t.JMeterThread: Thread started: 登录后一系列操作 1-162
2021-01-27 10:30:49,364 INFO o.a.j.t.JMeterThread: Thread started: 家校 3-208
2021-01-27 10:30:49,401 INFO o.a.j.t.JMeterThread: Thread started: 发现――面授课直播 2-207
2021-01-27 10:30:49,404 INFO o.a.j.t.JMeterThread: Thread started: 登录后一系列操作 1-161
2021-01-27 10:30:49,464 INFO o.a.j.t.JMeterThread: Thread started: 登录后一系列操作 1-160
2021-01-27 10:30:49,484 INFO o.a.j.t.JMeterThread: Thread started: 家校 3-207
2021-01-27 10:30:49,521 INFO o.a.j.t.JMeterThread: Thread started: 发现――面授课直播 2-206
2021-01-27 10:30:49,524 INFO o.a.j.t.JMeterThread: Thread started: 登录后一系列操作 1-159
2021-01-27 10:30:49,584 INFO o.a.j.t.JMeterThread: Thread started: 登录后一系列操作 1-158
2021-01-27 10:30:49,604 INFO o.a.j.t.JMeterThread: Thread started: 家校 3-206
2021-01-27 10:30:49,641 INFO o.a.j.t.JMeterThread: Thread started: 发现――面授课直播 2-205
2021-01-27 10:30:49,644 INFO o.a.j.t.JMeterThread: Thread started: 登录后一系列操作 1-157
2021-01-27 10:30:49,704 INFO o.a.j.t.JMeterThread: Thread started: 登录后一系列操作 1-156
2021-01-27 10:30:49,724 INFO o.a.j.t.JMeterThread: Thread started: 家校 3-205
2021-01-27 10:30:49,761 INFO o.a.j.t.JMeterThread: Thread started: 发现――面授课直播 2-204
2021-01-27 10:30:49,764 INFO o.a.j.t.JMeterThread: Thread started: 登录后一系列操作 1-155
2021-01-27 10:30:49,825 INFO o.a.j.t.JMeterThread: Thread started: 登录后一系列操作 1-154
2021-01-27 10:30:49,844 INFO o.a.j.t.JMeterThread: Thread started: 家校 3-204
2021-01-27 10:30:49,881 INFO o.a.j.t.JMeterThread: Thread started: 发现――面授课直播 2-203
2021-01-27 10:30:49,887 INFO o.a.j.t.JMeterThread: Thread started: 登录后一系列操作 1-153
2021-01-27 10:30:49,944 INFO o.a.j.t.JMeterThread: Thread started: 登录后一系列操作 1-152
2021-01-27 10:30:49,964 INFO o.a.j.t.JMeterThread: Thread started: 家校 3-203
2021-01-27 10:30:50,015 INFO o.a.j.t.JMeterThread: Thread started: 登录后一系列操作 1-151
2021-01-27 10:30:50,029 INFO o.a.j.t.JMeterThread: Thread started: 发现――面授课直播 2-202
2021-01-27 10:30:50,070 INFO o.a.j.t.JMeterThread: Thread started: 登录后一系列操作 1-150
2021-01-27 10:30:50,085 INFO o.a.j.t.JMeterThread: Thread started: 家校 3-202
2021-01-27 10:30:50,126 INFO o.a.j.t.JMeterThread: Thread started: 发现――面授课直播 2-201
2021-01-27 10:30:50,134 INFO o.a.j.t.JMeterThread: Thread started: 登录后一系列操作 1-149
2021-01-27 10:30:50,184 INFO o.a.j.t.JMeterThread: Thread started: 登录后一系列操作 1-148
2021-01-27 10:30:50,204 INFO o.a.j.t.JMeterThread: Thread started: 家校 3-201
2021-01-27 10:30:50,241 INFO o.a.j.t.JMeterThread: Thread started: 发现――面授课直播 2-200
2021-01-27 10:30:50,244 INFO o.a.j.t.JMeterThread: Thread started: 登录后一系列操作 1-147
2021-01-27 10:30:50,304 INFO o.a.j.t.JMeterThread: Thread started: 登录后一系列操作 1-146
2021-01-27 10:30:50,324 INFO o.a.j.t.JMeterThread: Thread started: 家校 3-200
2021-01-27 10:30:50,361 INFO o.a.j.t.JMeterThread: Thread started: 发现――面授课直播 2-199
2021-01-27 10:30:50,364 INFO o.a.j.t.JMeterThread: Thread started: 登录后一系列操作 1-145
2021-01-27 10:30:50,425 INFO o.a.j.t.JMeterThread: Thread started: 登录后一系列操作 1-144
2021-01-27 10:30:50,444 INFO o.a.j.t.JMeterThread: Thread started: 家校 3-199
2021-01-27 10:30:50,481 INFO o.a.j.t.JMeterThread: Thread started: 发现――面授课直播 2-198
2021-01-27 10:30:50,484 INFO o.a.j.t.JMeterThread: Thread started: 登录后一系列操作 1-143
2021-01-27 10:30:50,544 INFO o.a.j.t.JMeterThread: Thread started: 登录后一系列操作 1-142
2021-01-27 10:30:50,564 INFO o.a.j.t.JMeterThread: Thread started: 家校 3-198
2021-01-27 10:30:50,601 INFO o.a.j.t.JMeterThread: Thread started: 发现――面授课直播 2-197
2021-01-27 10:30:50,604 INFO o.a.j.t.JMeterThread: Thread started: 登录后一系列操作 1-141
2021-01-27 10:30:50,664 INFO o.a.j.t.JMeterThread: Thread started: 登录后一系列操作 1-140
2021-01-27 10:30:50,684 INFO o.a.j.t.JMeterThread: Thread started: 家校 3-197
2021-01-27 10:30:50,721 INFO o.a.j.t.JMeterThread: Thread started: 发现――面授课直播 2-196
2021-01-27 10:30:50,724 INFO o.a.j.t.JMeterThread: Thread started: 登录后一系列操作 1-139
2021-01-27 10:30:50,784 INFO o.a.j.t.JMeterThread: Thread started: 登录后一系列操作 1-138
2021-01-27 10:30:50,804 INFO o.a.j.t.JMeterThread: Thread started: 家校 3-196
2021-01-27 10:30:50,841 INFO o.a.j.t.JMeterThread: Thread started: 发现――面授课直播 2-195
2021-01-27 10:30:50,844 INFO o.a.j.t.JMeterThread: Thread started: 登录后一系列操作 1-137
2021-01-27 10:30:50,904 INFO o.a.j.t.JMeterThread: Thread started: 登录后一系列操作 1-136
2021-01-27 10:30:50,924 INFO o.a.j.t.JMeterThread: Thread started: 家校 3-195
2021-01-27 10:30:50,961 INFO o.a.j.t.JMeterThread: Thread started: 发现――面授课直播 2-194
2021-01-27 10:30:50,964 INFO o.a.j.t.JMeterThread: Thread started: 登录后一系列操作 1-135
2021-01-27 10:30:51,024 INFO o.a.j.t.JMeterThread: Thread started: 登录后一系列操作 1-134
2021-01-27 10:30:51,044 INFO o.a.j.t.JMeterThread: Thread started: 家校 3-194
2021-01-27 10:30:51,081 INFO o.a.j.t.JMeterThread: Thread started: 发现――面授课直播 2-193
2021-01-27 10:30:51,084 INFO o.a.j.t.JMeterThread: Thread started: 登录后一系列操作 1-133
2021-01-27 10:30:51,144 INFO o.a.j.t.JMeterThread: Thread started: 登录后一系列操作 1-132
2021-01-27 10:30:51,164 INFO o.a.j.t.JMeterThread: Thread started: 家校 3-193
2021-01-27 10:30:51,201 INFO o.a.j.t.JMeterThread: Thread started: 发现――面授课直播 2-192
2021-01-27 10:30:51,204 INFO o.a.j.t.JMeterThread: Thread started: 登录后一系列操作 1-131
2021-01-27 10:30:51,264 INFO o.a.j.t.JMeterThread: Thread started: 登录后一系列操作 1-130
2021-01-27 10:30:51,284 INFO o.a.j.t.JMeterThread: Thread started: 家校 3-192
2021-01-27 10:30:51,321 INFO o.a.j.t.JMeterThread: Thread started: 发现――面授课直播 2-191
2021-01-27 10:30:51,324 INFO o.a.j.t.JMeterThread: Thread started: 登录后一系列操作 1-129
2021-01-27 10:30:51,384 INFO o.a.j.t.JMeterThread: Thread started: 登录后一系列操作 1-128
2021-01-27 10:30:51,404 INFO o.a.j.t.JMeterThread: Thread started: 家校 3-191
2021-01-27 10:30:51,441 INFO o.a.j.t.JMeterThread: Thread started: 发现――面授课直播 2-190
2021-01-27 10:30:51,444 INFO o.a.j.t.JMeterThread: Thread started: 登录后一系列操作 1-127
2021-01-27 10:30:51,504 INFO o.a.j.t.JMeterThread: Thread started: 登录后一系列操作 1-126
2021-01-27 10:30:51,524 INFO o.a.j.t.JMeterThread: Thread started: 家校 3-190
2021-01-27 10:30:51,561 INFO o.a.j.t.JMeterThread: Thread started: 发现――面授课直播 2-189
2021-01-27 10:30:51,564 INFO o.a.j.t.JMeterThread: Thread started: 登录后一系列操作 1-125
2021-01-27 10:30:51,624 INFO o.a.j.t.JMeterThread: Thread started: 登录后一系列操作 1-124
2021-01-27 10:30:51,644 INFO o.a.j.t.JMeterThread: Thread started: 家校 3-189
2021-01-27 10:30:51,681 INFO o.a.j.t.JMeterThread: Thread started: 发现――面授课直播 2-188
2021-01-27 10:30:51,684 INFO o.a.j.t.JMeterThread: Thread started: 登录后一系列操作 1-123
2021-01-27 10:30:51,744 INFO o.a.j.t.JMeterThread: Thread started: 登录后一系列操作 1-122
2021-01-27 10:30:51,764 INFO o.a.j.t.JMeterThread: Thread started: 家校 3-188
2021-01-27 10:30:51,801 INFO o.a.j.t.JMeterThread: Thread started: 发现――面授课直播 2-187
2021-01-27 10:30:51,804 INFO o.a.j.t.JMeterThread: Thread started: 登录后一系列操作 1-121
2021-01-27 10:30:51,864 INFO o.a.j.t.JMeterThread: Thread started: 登录后一系列操作 1-120
2021-01-27 10:30:51,884 INFO o.a.j.t.JMeterThread: Thread started: 家校 3-187
2021-01-27 10:30:51,921 INFO o.a.j.t.JMeterThread: Thread started: 发现――面授课直播 2-186
2021-01-27 10:30:51,924 INFO o.a.j.t.JMeterThread: Thread started: 登录后一系列操作 1-119
2021-01-27 10:30:51,984 INFO o.a.j.t.JMeterThread: Thread started: 登录后一系列操作 1-118
2021-01-27 10:30:52,004 INFO o.a.j.t.JMeterThread: Thread started: 家校 3-186
2021-01-27 10:30:52,041 INFO o.a.j.t.JMeterThread: Thread started: 发现――面授课直播 2-185
2021-01-27 10:30:52,044 INFO o.a.j.t.JMeterThread: Thread started: 登录后一系列操作 1-117
2021-01-27 10:30:52,104 INFO o.a.j.t.JMeterThread: Thread started: 登录后一系列操作 1-116
2021-01-27 10:30:52,124 INFO o.a.j.t.JMeterThread: Thread started: 家校 3-185
2021-01-27 10:30:52,161 INFO o.a.j.t.JMeterThread: Thread started: 发现――面授课直播 2-184
2021-01-27 10:30:52,164 INFO o.a.j.t.JMeterThread: Thread started: 登录后一系列操作 1-115
2021-01-27 10:30:52,226 INFO o.a.j.t.JMeterThread: Thread started: 登录后一系列操作 1-114
2021-01-27 10:30:52,244 INFO o.a.j.t.JMeterThread: Thread started: 家校 3-184
2021-01-27 10:30:52,281 INFO o.a.j.t.JMeterThread: Thread started: 发现――面授课直播 2-183
2021-01-27 10:30:52,284 INFO o.a.j.t.JMeterThread: Thread started: 登录后一系列操作 1-113
2021-01-27 10:30:52,344 INFO o.a.j.t.JMeterThread: Thread started: 登录后一系列操作 1-112
2021-01-27 10:30:52,364 INFO o.a.j.t.JMeterThread: Thread started: 家校 3-183
2021-01-27 10:30:52,401 INFO o.a.j.t.JMeterThread: Thread started: 发现――面授课直播 2-182
2021-01-27 10:30:52,404 INFO o.a.j.t.JMeterThread: Thread started: 登录后一系列操作 1-111
2021-01-27 10:30:52,464 INFO o.a.j.t.JMeterThread: Thread started: 登录后一系列操作 1-110
2021-01-27 10:30:52,484 INFO o.a.j.t.JMeterThread: Thread started: 家校 3-182
2021-01-27 10:30:52,521 INFO o.a.j.t.JMeterThread: Thread started: 发现――面授课直播 2-181
2021-01-27 10:30:52,524 INFO o.a.j.t.JMeterThread: Thread started: 登录后一系列操作 1-109
2021-01-27 10:30:52,584 INFO o.a.j.t.JMeterThread: Thread started: 登录后一系列操作 1-108
2021-01-27 10:30:52,604 INFO o.a.j.t.JMeterThread: Thread started: 家校 3-181
2021-01-27 10:30:52,641 INFO o.a.j.t.JMeterThread: Thread started: 发现――面授课直播 2-180
2021-01-27 10:30:52,644 INFO o.a.j.t.JMeterThread: Thread started: 登录后一系列操作 1-107
2021-01-27 10:30:52,704 INFO o.a.j.t.JMeterThread: Thread started: 登录后一系列操作 1-106
2021-01-27 10:30:52,724 INFO o.a.j.t.JMeterThread: Thread started: 家校 3-180
2021-01-27 10:30:52,761 INFO o.a.j.t.JMeterThread: Thread started: 发现――面授课直播 2-179
2021-01-27 10:30:52,764 INFO o.a.j.t.JMeterThread: Thread started: 登录后一系列操作 1-105
2021-01-27 10:30:52,824 INFO o.a.j.t.JMeterThread: Thread started: 登录后一系列操作 1-104
2021-01-27 10:30:52,844 INFO o.a.j.t.JMeterThread: Thread started: 家校 3-179
2021-01-27 10:30:52,881 INFO o.a.j.t.JMeterThread: Thread started: 发现――面授课直播 2-178
2021-01-27 10:30:52,884 INFO o.a.j.t.JMeterThread: Thread started: 登录后一系列操作 1-103
2021-01-27 10:30:52,944 INFO o.a.j.t.JMeterThread: Thread started: 登录后一系列操作 1-102
2021-01-27 10:30:52,964 INFO o.a.j.t.JMeterThread: Thread started: 家校 3-178
2021-01-27 10:30:53,001 INFO o.a.j.t.JMeterThread: Thread started: 发现――面授课直播 2-177
2021-01-27 10:30:53,004 INFO o.a.j.t.JMeterThread: Thread started: 登录后一系列操作 1-101
2021-01-27 10:30:53,064 INFO o.a.j.t.JMeterThread: Thread started: 登录后一系列操作 1-100
2021-01-27 10:30:53,084 INFO o.a.j.t.JMeterThread: Thread started: 家校 3-177
2021-01-27 10:30:53,121 INFO o.a.j.t.JMeterThread: Thread started: 发现――面授课直播 2-176
2021-01-27 10:30:53,124 INFO o.a.j.t.JMeterThread: Thread started: 登录后一系列操作 1-99
2021-01-27 10:30:53,184 INFO o.a.j.t.JMeterThread: Thread started: 登录后一系列操作 1-98
2021-01-27 10:30:53,204 INFO o.a.j.t.JMeterThread: Thread started: 家校 3-176
2021-01-27 10:30:53,241 INFO o.a.j.t.JMeterThread: Thread started: 发现――面授课直播 2-175
2021-01-27 10:30:53,244 INFO o.a.j.t.JMeterThread: Thread started: 登录后一系列操作 1-97
2021-01-27 10:30:53,304 INFO o.a.j.t.JMeterThread: Thread started: 登录后一系列操作 1-96
2021-01-27 10:30:53,324 INFO o.a.j.t.JMeterThread: Thread started: 家校 3-175
2021-01-27 10:30:53,361 INFO o.a.j.t.JMeterThread: Thread started: 发现――面授课直播 2-174
2021-01-27 10:30:53,364 INFO o.a.j.t.JMeterThread: Thread started: 登录后一系列操作 1-95
2021-01-27 10:30:53,424 INFO o.a.j.t.JMeterThread: Thread started: 登录后一系列操作 1-94
2021-01-27 10:30:53,444 INFO o.a.j.t.JMeterThread: Thread started: 家校 3-174
2021-01-27 10:30:53,481 INFO o.a.j.t.JMeterThread: Thread started: 发现――面授课直播 2-173
2021-01-27 10:30:53,484 INFO o.a.j.t.JMeterThread: Thread started: 登录后一系列操作 1-93
2021-01-27 10:30:53,544 INFO o.a.j.t.JMeterThread: Thread started: 登录后一系列操作 1-92
2021-01-27 10:30:53,564 INFO o.a.j.t.JMeterThread: Thread started: 家校 3-173
2021-01-27 10:30:53,601 INFO o.a.j.t.JMeterThread: Thread started: 发现――面授课直播 2-172
2021-01-27 10:30:53,604 INFO o.a.j.t.JMeterThread: Thread started: 登录后一系列操作 1-91
2021-01-27 10:30:53,664 INFO o.a.j.t.JMeterThread: Thread started: 登录后一系列操作 1-90
2021-01-27 10:30:53,684 INFO o.a.j.t.JMeterThread: Thread started: 家校 3-172
2021-01-27 10:30:53,721 INFO o.a.j.t.JMeterThread: Thread started: 发现――面授课直播 2-171
2021-01-27 10:30:53,724 INFO o.a.j.t.JMeterThread: Thread started: 登录后一系列操作 1-89
2021-01-27 10:30:53,784 INFO o.a.j.t.JMeterThread: Thread started: 登录后一系列操作 1-88
2021-01-27 10:30:53,804 INFO o.a.j.t.JMeterThread: Thread started: 家校 3-171
2021-01-27 10:30:53,841 INFO o.a.j.t.JMeterThread: Thread started: 发现――面授课直播 2-170
2021-01-27 10:30:53,844 INFO o.a.j.t.JMeterThread: Thread started: 登录后一系列操作 1-87
2021-01-27 10:30:53,904 INFO o.a.j.t.JMeterThread: Thread started: 登录后一系列操作 1-86
2021-01-27 10:30:53,924 INFO o.a.j.t.JMeterThread: Thread started: 家校 3-170
2021-01-27 10:30:53,961 INFO o.a.j.t.JMeterThread: Thread started: 发现――面授课直播 2-169
2021-01-27 10:30:53,964 INFO o.a.j.t.JMeterThread: Thread started: 登录后一系列操作 1-85
2021-01-27 10:30:54,024 INFO o.a.j.t.JMeterThread: Thread started: 登录后一系列操作 1-84
2021-01-27 10:30:54,044 INFO o.a.j.t.JMeterThread: Thread started: 家校 3-169
2021-01-27 10:30:54,081 INFO o.a.j.t.JMeterThread: Thread started: 发现――面授课直播 2-168
2021-01-27 10:30:54,084 INFO o.a.j.t.JMeterThread: Thread started: 登录后一系列操作 1-83
2021-01-27 10:30:54,144 INFO o.a.j.t.JMeterThread: Thread started: 登录后一系列操作 1-82
2021-01-27 10:30:54,164 INFO o.a.j.t.JMeterThread: Thread started: 家校 3-168
2021-01-27 10:30:54,201 INFO o.a.j.t.JMeterThread: Thread started: 发现――面授课直播 2-167
2021-01-27 10:30:54,204 INFO o.a.j.t.JMeterThread: Thread started: 登录后一系列操作 1-81
2021-01-27 10:30:54,264 INFO o.a.j.t.JMeterThread: Thread started: 登录后一系列操作 1-80
2021-01-27 10:30:54,284 INFO o.a.j.t.JMeterThread: Thread started: 家校 3-167
2021-01-27 10:30:54,321 INFO o.a.j.t.JMeterThread: Thread started: 发现――面授课直播 2-166
2021-01-27 10:30:54,324 INFO o.a.j.t.JMeterThread: Thread started: 登录后一系列操作 1-79
2021-01-27 10:30:54,384 INFO o.a.j.t.JMeterThread: Thread started: 登录后一系列操作 1-78
2021-01-27 10:30:54,404 INFO o.a.j.t.JMeterThread: Thread started: 家校 3-166
2021-01-27 10:30:54,441 INFO o.a.j.t.JMeterThread: Thread started: 发现――面授课直播 2-165
2021-01-27 10:30:54,444 INFO o.a.j.t.JMeterThread: Thread started: 登录后一系列操作 1-77
2021-01-27 10:30:54,504 INFO o.a.j.t.JMeterThread: Thread started: 登录后一系列操作 1-76
2021-01-27 10:30:54,524 INFO o.a.j.t.JMeterThread: Thread started: 家校 3-165
2021-01-27 10:30:54,561 INFO o.a.j.t.JMeterThread: Thread started: 发现――面授课直播 2-164
2021-01-27 10:30:54,564 INFO o.a.j.t.JMeterThread: Thread started: 登录后一系列操作 1-75
2021-01-27 10:30:54,624 INFO o.a.j.t.JMeterThread: Thread started: 登录后一系列操作 1-74
2021-01-27 10:30:54,644 INFO o.a.j.t.JMeterThread: Thread started: 家校 3-164
2021-01-27 10:30:54,681 INFO o.a.j.t.JMeterThread: Thread started: 发现――面授课直播 2-163
2021-01-27 10:30:54,684 INFO o.a.j.t.JMeterThread: Thread started: 登录后一系列操作 1-73
2021-01-27 10:30:54,744 INFO o.a.j.t.JMeterThread: Thread started: 登录后一系列操作 1-72
2021-01-27 10:30:54,764 INFO o.a.j.t.JMeterThread: Thread started: 家校 3-163
2021-01-27 10:30:54,801 INFO o.a.j.t.JMeterThread: Thread started: 发现――面授课直播 2-162
2021-01-27 10:30:54,804 INFO o.a.j.t.JMeterThread: Thread started: 登录后一系列操作 1-71
2021-01-27 10:30:54,864 INFO o.a.j.t.JMeterThread: Thread started: 登录后一系列操作 1-70
2021-01-27 10:30:54,884 INFO o.a.j.t.JMeterThread: Thread started: 家校 3-162
2021-01-27 10:30:54,921 INFO o.a.j.t.JMeterThread: Thread started: 发现――面授课直播 2-161
2021-01-27 10:30:54,924 INFO o.a.j.t.JMeterThread: Thread started: 登录后一系列操作 1-69
2021-01-27 10:30:54,984 INFO o.a.j.t.JMeterThread: Thread started: 登录后一系列操作 1-68
2021-01-27 10:30:55,004 INFO o.a.j.t.JMeterThread: Thread started: 家校 3-161
2021-01-27 10:30:55,041 INFO o.a.j.t.JMeterThread: Thread started: 发现――面授课直播 2-160
2021-01-27 10:30:55,044 INFO o.a.j.t.JMeterThread: Thread started: 登录后一系列操作 1-67
2021-01-27 10:30:55,104 INFO o.a.j.t.JMeterThread: Thread started: 登录后一系列操作 1-66
2021-01-27 10:30:55,124 INFO o.a.j.t.JMeterThread: Thread started: 家校 3-160
2021-01-27 10:30:55,161 INFO o.a.j.t.JMeterThread: Thread started: 发现――面授课直播 2-159
2021-01-27 10:30:55,164 INFO o.a.j.t.JMeterThread: Thread started: 登录后一系列操作 1-65
2021-01-27 10:30:55,224 INFO o.a.j.t.JMeterThread: Thread started: 登录后一系列操作 1-64
2021-01-27 10:30:55,244 INFO o.a.j.t.JMeterThread: Thread started: 家校 3-159
2021-01-27 10:30:55,281 INFO o.a.j.t.JMeterThread: Thread started: 发现――面授课直播 2-158
2021-01-27 10:30:55,284 INFO o.a.j.t.JMeterThread: Thread started: 登录后一系列操作 1-63
2021-01-27 10:30:55,344 INFO o.a.j.t.JMeterThread: Thread started: 登录后一系列操作 1-62
2021-01-27 10:30:55,364 INFO o.a.j.t.JMeterThread: Thread started: 家校 3-158
2021-01-27 10:30:55,401 INFO o.a.j.t.JMeterThread: Thread started: 发现――面授课直播 2-157
2021-01-27 10:30:55,404 INFO o.a.j.t.JMeterThread: Thread started: 登录后一系列操作 1-61
2021-01-27 10:30:55,464 INFO o.a.j.t.JMeterThread: Thread started: 登录后一系列操作 1-60
2021-01-27 10:30:55,484 INFO o.a.j.t.JMeterThread: Thread started: 家校 3-157
2021-01-27 10:30:55,521 INFO o.a.j.t.JMeterThread: Thread started: 发现――面授课直播 2-156
2021-01-27 10:30:55,524 INFO o.a.j.t.JMeterThread: Thread started: 登录后一系列操作 1-59
2021-01-27 10:30:55,584 INFO o.a.j.t.JMeterThread: Thread started: 登录后一系列操作 1-58
2021-01-27 10:30:55,604 INFO o.a.j.t.JMeterThread: Thread started: 家校 3-156
2021-01-27 10:30:55,641 INFO o.a.j.t.JMeterThread: Thread started: 发现――面授课直播 2-155
2021-01-27 10:30:55,644 INFO o.a.j.t.JMeterThread: Thread started: 登录后一系列操作 1-57
2021-01-27 10:30:55,704 INFO o.a.j.t.JMeterThread: Thread started: 登录后一系列操作 1-56
2021-01-27 10:30:55,724 INFO o.a.j.t.JMeterThread: Thread started: 家校 3-155
2021-01-27 10:30:55,761 INFO o.a.j.t.JMeterThread: Thread started: 发现――面授课直播 2-154
2021-01-27 10:30:55,764 INFO o.a.j.t.JMeterThread: Thread started: 登录后一系列操作 1-55
2021-01-27 10:30:55,824 INFO o.a.j.t.JMeterThread: Thread started: 登录后一系列操作 1-54
2021-01-27 10:30:55,844 INFO o.a.j.t.JMeterThread: Thread started: 家校 3-154
2021-01-27 10:30:55,881 INFO o.a.j.t.JMeterThread: Thread started: 发现――面授课直播 2-153
2021-01-27 10:30:55,884 INFO o.a.j.t.JMeterThread: Thread started: 登录后一系列操作 1-53
2021-01-27 10:30:55,944 INFO o.a.j.t.JMeterThread: Thread started: 登录后一系列操作 1-52
2021-01-27 10:30:55,964 INFO o.a.j.t.JMeterThread: Thread started: 家校 3-153
2021-01-27 10:30:56,001 INFO o.a.j.t.JMeterThread: Thread started: 发现――面授课直播 2-152
2021-01-27 10:30:56,004 INFO o.a.j.t.JMeterThread: Thread started: 登录后一系列操作 1-51
2021-01-27 10:30:56,064 INFO o.a.j.t.JMeterThread: Thread started: 登录后一系列操作 1-50
2021-01-27 10:30:56,084 INFO o.a.j.t.JMeterThread: Thread started: 家校 3-152
2021-01-27 10:30:56,121 INFO o.a.j.t.JMeterThread: Thread started: 发现――面授课直播 2-151
2021-01-27 10:30:56,124 INFO o.a.j.t.JMeterThread: Thread started: 登录后一系列操作 1-49
2021-01-27 10:30:56,184 INFO o.a.j.t.JMeterThread: Thread started: 登录后一系列操作 1-48
2021-01-27 10:30:56,204 INFO o.a.j.t.JMeterThread: Thread started: 家校 3-151
2021-01-27 10:30:56,241 INFO o.a.j.t.JMeterThread: Thread started: 发现――面授课直播 2-150
2021-01-27 10:30:56,244 INFO o.a.j.t.JMeterThread: Thread started: 登录后一系列操作 1-47
2021-01-27 10:30:56,304 INFO o.a.j.t.JMeterThread: Thread started: 登录后一系列操作 1-46
2021-01-27 10:30:56,324 INFO o.a.j.t.JMeterThread: Thread started: 家校 3-150
2021-01-27 10:30:56,361 INFO o.a.j.t.JMeterThread: Thread started: 发现――面授课直播 2-149
2021-01-27 10:30:56,364 INFO o.a.j.t.JMeterThread: Thread started: 登录后一系列操作 1-45
2021-01-27 10:30:56,424 INFO o.a.j.t.JMeterThread: Thread started: 登录后一系列操作 1-44
2021-01-27 10:30:56,444 INFO o.a.j.t.JMeterThread: Thread started: 家校 3-149
2021-01-27 10:30:56,481 INFO o.a.j.t.JMeterThread: Thread started: 发现――面授课直播 2-148
2021-01-27 10:30:56,484 INFO o.a.j.t.JMeterThread: Thread started: 登录后一系列操作 1-43
2021-01-27 10:30:56,544 INFO o.a.j.t.JMeterThread: Thread started: 登录后一系列操作 1-42
2021-01-27 10:30:56,564 INFO o.a.j.t.JMeterThread: Thread started: 家校 3-148
2021-01-27 10:30:56,601 INFO o.a.j.t.JMeterThread: Thread started: 发现――面授课直播 2-147
2021-01-27 10:30:56,604 INFO o.a.j.t.JMeterThread: Thread started: 登录后一系列操作 1-41
2021-01-27 10:30:56,664 INFO o.a.j.t.JMeterThread: Thread started: 登录后一系列操作 1-40
2021-01-27 10:30:56,684 INFO o.a.j.t.JMeterThread: Thread started: 家校 3-147
2021-01-27 10:30:56,721 INFO o.a.j.t.JMeterThread: Thread started: 发现――面授课直播 2-146
2021-01-27 10:30:56,724 INFO o.a.j.t.JMeterThread: Thread started: 登录后一系列操作 1-39
2021-01-27 10:30:56,784 INFO o.a.j.t.JMeterThread: Thread started: 登录后一系列操作 1-38
2021-01-27 10:30:56,830 INFO o.a.j.t.JMeterThread: Thread started: 家校 3-146
2021-01-27 10:30:56,841 INFO o.a.j.t.JMeterThread: Thread started: 发现――面授课直播 2-145
2021-01-27 10:30:56,844 INFO o.a.j.t.JMeterThread: Thread started: 登录后一系列操作 1-37
2021-01-27 10:30:56,904 INFO o.a.j.t.JMeterThread: Thread started: 登录后一系列操作 1-36
2021-01-27 10:30:56,924 INFO o.a.j.t.JMeterThread: Thread started: 家校 3-145
2021-01-27 10:30:56,961 INFO o.a.j.t.JMeterThread: Thread started: 发现――面授课直播 2-144
2021-01-27 10:30:56,964 INFO o.a.j.t.JMeterThread: Thread started: 登录后一系列操作 1-35
2021-01-27 10:30:57,024 INFO o.a.j.t.JMeterThread: Thread started: 登录后一系列操作 1-34
2021-01-27 10:30:57,044 INFO o.a.j.t.JMeterThread: Thread started: 家校 3-144
2021-01-27 10:30:57,081 INFO o.a.j.t.JMeterThread: Thread started: 发现――面授课直播 2-143
2021-01-27 10:30:57,084 INFO o.a.j.t.JMeterThread: Thread started: 登录后一系列操作 1-33
2021-01-27 10:30:57,144 INFO o.a.j.t.JMeterThread: Thread started: 登录后一系列操作 1-32
2021-01-27 10:30:57,164 INFO o.a.j.t.JMeterThread: Thread started: 家校 3-143
2021-01-27 10:30:57,201 INFO o.a.j.t.JMeterThread: Thread started: 发现――面授课直播 2-142
2021-01-27 10:30:57,204 INFO o.a.j.t.JMeterThread: Thread started: 登录后一系列操作 1-31
2021-01-27 10:30:57,264 INFO o.a.j.t.JMeterThread: Thread started: 登录后一系列操作 1-30
2021-01-27 10:30:57,284 INFO o.a.j.t.JMeterThread: Thread started: 家校 3-142
2021-01-27 10:30:57,321 INFO o.a.j.t.JMeterThread: Thread started: 发现――面授课直播 2-141
2021-01-27 10:30:57,324 INFO o.a.j.t.JMeterThread: Thread started: 登录后一系列操作 1-29
2021-01-27 10:30:57,384 INFO o.a.j.t.JMeterThread: Thread started: 登录后一系列操作 1-28
2021-01-27 10:30:57,404 INFO o.a.j.t.JMeterThread: Thread started: 家校 3-141
2021-01-27 10:30:57,441 INFO o.a.j.t.JMeterThread: Thread started: 发现――面授课直播 2-140
2021-01-27 10:30:57,444 INFO o.a.j.t.JMeterThread: Thread started: 登录后一系列操作 1-27
2021-01-27 10:30:57,504 INFO o.a.j.t.JMeterThread: Thread started: 登录后一系列操作 1-26
2021-01-27 10:30:57,524 INFO o.a.j.t.JMeterThread: Thread started: 家校 3-140
2021-01-27 10:30:57,561 INFO o.a.j.t.JMeterThread: Thread started: 发现――面授课直播 2-139
2021-01-27 10:30:57,564 INFO o.a.j.t.JMeterThread: Thread started: 登录后一系列操作 1-25
2021-01-27 10:30:57,624 INFO o.a.j.t.JMeterThread: Thread started: 登录后一系列操作 1-24
2021-01-27 10:30:57,644 INFO o.a.j.t.JMeterThread: Thread started: 家校 3-139
2021-01-27 10:30:57,681 INFO o.a.j.t.JMeterThread: Thread started: 发现――面授课直播 2-138
2021-01-27 10:30:57,684 INFO o.a.j.t.JMeterThread: Thread started: 登录后一系列操作 1-23
2021-01-27 10:30:57,744 INFO o.a.j.t.JMeterThread: Thread started: 登录后一系列操作 1-22
2021-01-27 10:30:57,764 INFO o.a.j.t.JMeterThread: Thread started: 家校 3-138
2021-01-27 10:30:57,801 INFO o.a.j.t.JMeterThread: Thread started: 发现――面授课直播 2-137
2021-01-27 10:30:57,804 INFO o.a.j.t.JMeterThread: Thread started: 登录后一系列操作 1-21
2021-01-27 10:30:57,864 INFO o.a.j.t.JMeterThread: Thread started: 登录后一系列操作 1-20
2021-01-27 10:30:57,884 INFO o.a.j.t.JMeterThread: Thread started: 家校 3-137
2021-01-27 10:30:57,921 INFO o.a.j.t.JMeterThread: Thread started: 发现――面授课直播 2-136
2021-01-27 10:30:57,924 INFO o.a.j.t.JMeterThread: Thread started: 登录后一系列操作 1-19
2021-01-27 10:30:57,984 INFO o.a.j.t.JMeterThread: Thread started: 登录后一系列操作 1-18
2021-01-27 10:30:58,004 INFO o.a.j.t.JMeterThread: Thread started: 家校 3-136
2021-01-27 10:30:58,041 INFO o.a.j.t.JMeterThread: Thread started: 发现――面授课直播 2-135
2021-01-27 10:30:58,044 INFO o.a.j.t.JMeterThread: Thread started: 登录后一系列操作 1-17
2021-01-27 10:30:58,104 INFO o.a.j.t.JMeterThread: Thread started: 登录后一系列操作 1-16
2021-01-27 10:30:58,124 INFO o.a.j.t.JMeterThread: Thread started: 家校 3-135
2021-01-27 10:30:58,161 INFO o.a.j.t.JMeterThread: Thread started: 发现――面授课直播 2-134
2021-01-27 10:30:58,164 INFO o.a.j.t.JMeterThread: Thread started: 登录后一系列操作 1-15
2021-01-27 10:30:58,224 INFO o.a.j.t.JMeterThread: Thread started: 登录后一系列操作 1-14
2021-01-27 10:30:58,244 INFO o.a.j.t.JMeterThread: Thread started: 家校 3-134
2021-01-27 10:30:58,281 INFO o.a.j.t.JMeterThread: Thread started: 发现――面授课直播 2-133
2021-01-27 10:30:58,284 INFO o.a.j.t.JMeterThread: Thread started: 登录后一系列操作 1-13
2021-01-27 10:30:58,344 INFO o.a.j.t.JMeterThread: Thread started: 登录后一系列操作 1-12
2021-01-27 10:30:58,364 INFO o.a.j.t.JMeterThread: Thread started: 家校 3-133
2021-01-27 10:30:58,401 INFO o.a.j.t.JMeterThread: Thread started: 发现――面授课直播 2-132
2021-01-27 10:30:58,404 INFO o.a.j.t.JMeterThread: Thread started: 登录后一系列操作 1-11
2021-01-27 10:30:58,464 INFO o.a.j.t.JMeterThread: Thread started: 登录后一系列操作 1-10
2021-01-27 10:30:58,484 INFO o.a.j.t.JMeterThread: Thread started: 家校 3-132
2021-01-27 10:30:58,521 INFO o.a.j.t.JMeterThread: Thread started: 发现――面授课直播 2-131
2021-01-27 10:30:58,524 INFO o.a.j.t.JMeterThread: Thread started: 登录后一系列操作 1-9
2021-01-27 10:30:58,584 INFO o.a.j.t.JMeterThread: Thread started: 登录后一系列操作 1-8
2021-01-27 10:30:58,604 INFO o.a.j.t.JMeterThread: Thread started: 家校 3-131
2021-01-27 10:30:58,641 INFO o.a.j.t.JMeterThread: Thread started: 发现――面授课直播 2-130
2021-01-27 10:30:58,644 INFO o.a.j.t.JMeterThread: Thread started: 登录后一系列操作 1-7
2021-01-27 10:30:58,704 INFO o.a.j.t.JMeterThread: Thread started: 登录后一系列操作 1-6
2021-01-27 10:30:58,724 INFO o.a.j.t.JMeterThread: Thread started: 家校 3-130
2021-01-27 10:30:58,761 INFO o.a.j.t.JMeterThread: Thread started: 发现――面授课直播 2-129
2021-01-27 10:30:58,764 INFO o.a.j.t.JMeterThread: Thread started: 登录后一系列操作 1-5
2021-01-27 10:30:58,824 INFO o.a.j.t.JMeterThread: Thread started: 登录后一系列操作 1-4
2021-01-27 10:30:58,844 INFO o.a.j.t.JMeterThread: Thread started: 家校 3-129
2021-01-27 10:30:58,881 INFO o.a.j.t.JMeterThread: Thread started: 发现――面授课直播 2-128
2021-01-27 10:30:58,884 INFO o.a.j.t.JMeterThread: Thread started: 登录后一系列操作 1-3
2021-01-27 10:30:58,944 INFO o.a.j.t.JMeterThread: Thread started: 登录后一系列操作 1-2
2021-01-27 10:30:58,964 INFO o.a.j.t.JMeterThread: Thread started: 家校 3-128
2021-01-27 10:30:59,001 INFO o.a.j.t.JMeterThread: Thread started: 发现――面授课直播 2-127
2021-01-27 10:30:59,004 INFO o.a.j.t.JMeterThread: Thread started: 登录后一系列操作 1-1
2021-01-27 10:30:59,084 INFO o.a.j.t.JMeterThread: Thread started: 家校 3-127
2021-01-27 10:30:59,121 INFO o.a.j.t.JMeterThread: Thread started: 发现――面授课直播 2-126
2021-01-27 10:30:59,204 INFO o.a.j.t.JMeterThread: Thread started: 家校 3-126
2021-01-27 10:30:59,241 INFO o.a.j.t.JMeterThread: Thread started: 发现――面授课直播 2-125
2021-01-27 10:30:59,324 INFO o.a.j.t.JMeterThread: Thread started: 家校 3-125
2021-01-27 10:30:59,361 INFO o.a.j.t.JMeterThread: Thread started: 发现――面授课直播 2-124
2021-01-27 10:30:59,444 INFO o.a.j.t.JMeterThread: Thread started: 家校 3-124
2021-01-27 10:30:59,481 INFO o.a.j.t.JMeterThread: Thread started: 发现――面授课直播 2-123
2021-01-27 10:30:59,564 INFO o.a.j.t.JMeterThread: Thread started: 家校 3-123
2021-01-27 10:30:59,601 INFO o.a.j.t.JMeterThread: Thread started: 发现――面授课直播 2-122
2021-01-27 10:30:59,684 INFO o.a.j.t.JMeterThread: Thread started: 家校 3-122
2021-01-27 10:30:59,721 INFO o.a.j.t.JMeterThread: Thread started: 发现――面授课直播 2-121
2021-01-27 10:30:59,804 INFO o.a.j.t.JMeterThread: Thread started: 家校 3-121
2021-01-27 10:30:59,841 INFO o.a.j.t.JMeterThread: Thread started: 发现――面授课直播 2-120
2021-01-27 10:30:59,924 INFO o.a.j.t.JMeterThread: Thread started: 家校 3-120
2021-01-27 10:30:59,961 INFO o.a.j.t.JMeterThread: Thread started: 发现――面授课直播 2-119
2021-01-27 10:31:00,006 INFO o.a.j.r.Summariser: summary +   2870 in 00:00:16 =  178.9/s Avg:  1147 Min:    83 Max: 10174 Err:     0 (0.00%) Active: 513 Started: 513 Finished: 0
2021-01-27 10:31:00,044 INFO o.a.j.t.JMeterThread: Thread started: 家校 3-119
2021-01-27 10:31:00,081 INFO o.a.j.t.JMeterThread: Thread started: 发现――面授课直播 2-118
2021-01-27 10:31:00,164 INFO o.a.j.t.JMeterThread: Thread started: 家校 3-118
2021-01-27 10:31:00,201 INFO o.a.j.t.JMeterThread: Thread started: 发现――面授课直播 2-117
2021-01-27 10:31:00,284 INFO o.a.j.t.JMeterThread: Thread started: 家校 3-117
2021-01-27 10:31:00,321 INFO o.a.j.t.JMeterThread: Thread started: 发现――面授课直播 2-116
2021-01-27 10:31:00,404 INFO o.a.j.t.JMeterThread: Thread started: 家校 3-116
2021-01-27 10:31:00,441 INFO o.a.j.t.JMeterThread: Thread started: 发现――面授课直播 2-115
2021-01-27 10:31:00,524 INFO o.a.j.t.JMeterThread: Thread started: 家校 3-115
2021-01-27 10:31:00,561 INFO o.a.j.t.JMeterThread: Thread started: 发现――面授课直播 2-114
2021-01-27 10:31:00,644 INFO o.a.j.t.JMeterThread: Thread started: 家校 3-114
2021-01-27 10:31:00,681 INFO o.a.j.t.JMeterThread: Thread started: 发现――面授课直播 2-113
2021-01-27 10:31:00,764 INFO o.a.j.t.JMeterThread: Thread started: 家校 3-113
2021-01-27 10:31:00,801 INFO o.a.j.t.JMeterThread: Thread started: 发现――面授课直播 2-112
2021-01-27 10:31:00,884 INFO o.a.j.t.JMeterThread: Thread started: 家校 3-112
2021-01-27 10:31:00,921 INFO o.a.j.t.JMeterThread: Thread started: 发现――面授课直播 2-111
2021-01-27 10:31:01,004 INFO o.a.j.t.JMeterThread: Thread started: 家校 3-111
2021-01-27 10:31:01,041 INFO o.a.j.t.JMeterThread: Thread started: 发现――面授课直播 2-110
2021-01-27 10:31:01,124 INFO o.a.j.t.JMeterThread: Thread started: 家校 3-110
2021-01-27 10:31:01,161 INFO o.a.j.t.JMeterThread: Thread started: 发现――面授课直播 2-109
2021-01-27 10:31:01,244 INFO o.a.j.t.JMeterThread: Thread started: 家校 3-109
2021-01-27 10:31:01,281 INFO o.a.j.t.JMeterThread: Thread started: 发现――面授课直播 2-108
2021-01-27 10:31:01,364 INFO o.a.j.t.JMeterThread: Thread started: 家校 3-108
2021-01-27 10:31:01,401 INFO o.a.j.t.JMeterThread: Thread started: 发现――面授课直播 2-107
2021-01-27 10:31:01,484 INFO o.a.j.t.JMeterThread: Thread started: 家校 3-107
2021-01-27 10:31:01,521 INFO o.a.j.t.JMeterThread: Thread started: 发现――面授课直播 2-106
2021-01-27 10:31:01,604 INFO o.a.j.t.JMeterThread: Thread started: 家校 3-106
2021-01-27 10:31:01,641 INFO o.a.j.t.JMeterThread: Thread started: 发现――面授课直播 2-105
2021-01-27 10:31:01,724 INFO o.a.j.t.JMeterThread: Thread started: 家校 3-105
2021-01-27 10:31:01,761 INFO o.a.j.t.JMeterThread: Thread started: 发现――面授课直播 2-104
2021-01-27 10:31:01,844 INFO o.a.j.t.JMeterThread: Thread started: 家校 3-104
2021-01-27 10:31:01,881 INFO o.a.j.t.JMeterThread: Thread started: 发现――面授课直播 2-103
2021-01-27 10:31:01,964 INFO o.a.j.t.JMeterThread: Thread started: 家校 3-103
2021-01-27 10:31:02,001 INFO o.a.j.t.JMeterThread: Thread started: 发现――面授课直播 2-102
2021-01-27 10:31:02,084 INFO o.a.j.t.JMeterThread: Thread started: 家校 3-102
2021-01-27 10:31:02,121 INFO o.a.j.t.JMeterThread: Thread started: 发现――面授课直播 2-101
2021-01-27 10:31:02,204 INFO o.a.j.t.JMeterThread: Thread started: 家校 3-101
2021-01-27 10:31:02,241 INFO o.a.j.t.JMeterThread: Thread started: 发现――面授课直播 2-100
2021-01-27 10:31:02,324 INFO o.a.j.t.JMeterThread: Thread started: 家校 3-100
2021-01-27 10:31:02,361 INFO o.a.j.t.JMeterThread: Thread started: 发现――面授课直播 2-99
2021-01-27 10:31:02,444 INFO o.a.j.t.JMeterThread: Thread started: 家校 3-99
2021-01-27 10:31:02,481 INFO o.a.j.t.JMeterThread: Thread started: 发现――面授课直播 2-98
2021-01-27 10:31:02,564 INFO o.a.j.t.JMeterThread: Thread started: 家校 3-98
2021-01-27 10:31:02,601 INFO o.a.j.t.JMeterThread: Thread started: 发现――面授课直播 2-97
2021-01-27 10:31:02,684 INFO o.a.j.t.JMeterThread: Thread started: 家校 3-97
2021-01-27 10:31:02,721 INFO o.a.j.t.JMeterThread: Thread started: 发现――面授课直播 2-96
2021-01-27 10:31:02,804 INFO o.a.j.t.JMeterThread: Thread started: 家校 3-96
2021-01-27 10:31:02,841 INFO o.a.j.t.JMeterThread: Thread started: 发现――面授课直播 2-95
2021-01-27 10:31:02,924 INFO o.a.j.t.JMeterThread: Thread started: 家校 3-95
2021-01-27 10:31:02,961 INFO o.a.j.t.JMeterThread: Thread started: 发现――面授课直播 2-94
2021-01-27 10:31:03,044 INFO o.a.j.t.JMeterThread: Thread started: 家校 3-94
2021-01-27 10:31:03,081 INFO o.a.j.t.JMeterThread: Thread started: 发现――面授课直播 2-93
2021-01-27 10:31:03,164 INFO o.a.j.t.JMeterThread: Thread started: 家校 3-93
2021-01-27 10:31:03,201 INFO o.a.j.t.JMeterThread: Thread started: 发现――面授课直播 2-92
2021-01-27 10:31:03,284 INFO o.a.j.t.JMeterThread: Thread started: 家校 3-92
2021-01-27 10:31:03,321 INFO o.a.j.t.JMeterThread: Thread started: 发现――面授课直播 2-91
2021-01-27 10:31:03,404 INFO o.a.j.t.JMeterThread: Thread started: 家校 3-91
2021-01-27 10:31:03,441 INFO o.a.j.t.JMeterThread: Thread started: 发现――面授课直播 2-90
2021-01-27 10:31:03,524 INFO o.a.j.t.JMeterThread: Thread started: 家校 3-90
2021-01-27 10:31:03,561 INFO o.a.j.t.JMeterThread: Thread started: 发现――面授课直播 2-89
2021-01-27 10:31:03,644 INFO o.a.j.t.JMeterThread: Thread started: 家校 3-89
2021-01-27 10:31:03,681 INFO o.a.j.t.JMeterThread: Thread started: 发现――面授课直播 2-88
2021-01-27 10:31:03,764 INFO o.a.j.t.JMeterThread: Thread started: 家校 3-88
2021-01-27 10:31:03,801 INFO o.a.j.t.JMeterThread: Thread started: 发现――面授课直播 2-87
2021-01-27 10:31:03,884 INFO o.a.j.t.JMeterThread: Thread started: 家校 3-87
2021-01-27 10:31:03,921 INFO o.a.j.t.JMeterThread: Thread started: 发现――面授课直播 2-86
2021-01-27 10:31:04,004 INFO o.a.j.t.JMeterThread: Thread started: 家校 3-86
2021-01-27 10:31:04,041 INFO o.a.j.t.JMeterThread: Thread started: 发现――面授课直播 2-85
2021-01-27 10:31:04,124 INFO o.a.j.t.JMeterThread: Thread started: 家校 3-85
2021-01-27 10:31:04,161 INFO o.a.j.t.JMeterThread: Thread started: 发现――面授课直播 2-84
2021-01-27 10:31:04,244 INFO o.a.j.t.JMeterThread: Thread started: 家校 3-84
2021-01-27 10:31:04,281 INFO o.a.j.t.JMeterThread: Thread started: 发现――面授课直播 2-83
2021-01-27 10:31:04,364 INFO o.a.j.t.JMeterThread: Thread started: 家校 3-83
2021-01-27 10:31:04,401 INFO o.a.j.t.JMeterThread: Thread started: 发现――面授课直播 2-82
2021-01-27 10:31:04,484 INFO o.a.j.t.JMeterThread: Thread started: 家校 3-82
2021-01-27 10:31:04,521 INFO o.a.j.t.JMeterThread: Thread started: 发现――面授课直播 2-81
2021-01-27 10:31:04,604 INFO o.a.j.t.JMeterThread: Thread started: 家校 3-81
2021-01-27 10:31:04,641 INFO o.a.j.t.JMeterThread: Thread started: 发现――面授课直播 2-80
2021-01-27 10:31:04,724 INFO o.a.j.t.JMeterThread: Thread started: 家校 3-80
2021-01-27 10:31:04,761 INFO o.a.j.t.JMeterThread: Thread started: 发现――面授课直播 2-79
2021-01-27 10:31:04,844 INFO o.a.j.t.JMeterThread: Thread started: 家校 3-79
2021-01-27 10:31:04,881 INFO o.a.j.t.JMeterThread: Thread started: 发现――面授课直播 2-78
2021-01-27 10:31:04,964 INFO o.a.j.t.JMeterThread: Thread started: 家校 3-78
2021-01-27 10:31:05,001 INFO o.a.j.t.JMeterThread: Thread started: 发现――面授课直播 2-77
2021-01-27 10:31:05,084 INFO o.a.j.t.JMeterThread: Thread started: 家校 3-77
2021-01-27 10:31:05,121 INFO o.a.j.t.JMeterThread: Thread started: 发现――面授课直播 2-76
2021-01-27 10:31:05,204 INFO o.a.j.t.JMeterThread: Thread started: 家校 3-76
2021-01-27 10:31:05,241 INFO o.a.j.t.JMeterThread: Thread started: 发现――面授课直播 2-75
2021-01-27 10:31:05,324 INFO o.a.j.t.JMeterThread: Thread started: 家校 3-75
2021-01-27 10:31:05,361 INFO o.a.j.t.JMeterThread: Thread started: 发现――面授课直播 2-74
2021-01-27 10:31:05,444 INFO o.a.j.t.JMeterThread: Thread started: 家校 3-74
2021-01-27 10:31:05,481 INFO o.a.j.t.JMeterThread: Thread started: 发现――面授课直播 2-73
2021-01-27 10:31:05,564 INFO o.a.j.t.JMeterThread: Thread started: 家校 3-73
2021-01-27 10:31:05,601 INFO o.a.j.t.JMeterThread: Thread started: 发现――面授课直播 2-72
2021-01-27 10:31:05,684 INFO o.a.j.t.JMeterThread: Thread started: 家校 3-72
2021-01-27 10:31:05,721 INFO o.a.j.t.JMeterThread: Thread started: 发现――面授课直播 2-71
2021-01-27 10:31:05,804 INFO o.a.j.t.JMeterThread: Thread started: 家校 3-71
2021-01-27 10:31:05,841 INFO o.a.j.t.JMeterThread: Thread started: 发现――面授课直播 2-70
2021-01-27 10:31:05,924 INFO o.a.j.t.JMeterThread: Thread started: 家校 3-70
2021-01-27 10:31:05,961 INFO o.a.j.t.JMeterThread: Thread started: 发现――面授课直播 2-69
2021-01-27 10:31:06,044 INFO o.a.j.t.JMeterThread: Thread started: 家校 3-69
2021-01-27 10:31:06,081 INFO o.a.j.t.JMeterThread: Thread started: 发现――面授课直播 2-68
2021-01-27 10:31:06,164 INFO o.a.j.t.JMeterThread: Thread started: 家校 3-68
2021-01-27 10:31:06,201 INFO o.a.j.t.JMeterThread: Thread started: 发现――面授课直播 2-67
2021-01-27 10:31:06,284 INFO o.a.j.t.JMeterThread: Thread started: 家校 3-67
2021-01-27 10:31:06,321 INFO o.a.j.t.JMeterThread: Thread started: 发现――面授课直播 2-66
2021-01-27 10:31:06,404 INFO o.a.j.t.JMeterThread: Thread started: 家校 3-66
2021-01-27 10:31:06,441 INFO o.a.j.t.JMeterThread: Thread started: 发现――面授课直播 2-65
2021-01-27 10:31:06,524 INFO o.a.j.t.JMeterThread: Thread started: 家校 3-65
2021-01-27 10:31:06,561 INFO o.a.j.t.JMeterThread: Thread started: 发现――面授课直播 2-64
2021-01-27 10:31:06,644 INFO o.a.j.t.JMeterThread: Thread started: 家校 3-64
2021-01-27 10:31:06,681 INFO o.a.j.t.JMeterThread: Thread started: 发现――面授课直播 2-63
2021-01-27 10:31:06,764 INFO o.a.j.t.JMeterThread: Thread started: 家校 3-63
2021-01-27 10:31:06,801 INFO o.a.j.t.JMeterThread: Thread started: 发现――面授课直播 2-62
2021-01-27 10:31:06,884 INFO o.a.j.t.JMeterThread: Thread started: 家校 3-62
2021-01-27 10:31:06,921 INFO o.a.j.t.JMeterThread: Thread started: 发现――面授课直播 2-61
2021-01-27 10:31:07,004 INFO o.a.j.t.JMeterThread: Thread started: 家校 3-61
2021-01-27 10:31:07,041 INFO o.a.j.t.JMeterThread: Thread started: 发现――面授课直播 2-60
2021-01-27 10:31:07,124 INFO o.a.j.t.JMeterThread: Thread started: 家校 3-60
2021-01-27 10:31:07,161 INFO o.a.j.t.JMeterThread: Thread started: 发现――面授课直播 2-59
2021-01-27 10:31:07,244 INFO o.a.j.t.JMeterThread: Thread started: 家校 3-59
2021-01-27 10:31:07,281 INFO o.a.j.t.JMeterThread: Thread started: 发现――面授课直播 2-58
2021-01-27 10:31:07,364 INFO o.a.j.t.JMeterThread: Thread started: 家校 3-58
2021-01-27 10:31:07,401 INFO o.a.j.t.JMeterThread: Thread started: 发现――面授课直播 2-57
2021-01-27 10:31:07,484 INFO o.a.j.t.JMeterThread: Thread started: 家校 3-57
2021-01-27 10:31:07,521 INFO o.a.j.t.JMeterThread: Thread started: 发现――面授课直播 2-56
2021-01-27 10:31:07,604 INFO o.a.j.t.JMeterThread: Thread started: 家校 3-56
2021-01-27 10:31:07,641 INFO o.a.j.t.JMeterThread: Thread started: 发现――面授课直播 2-55
2021-01-27 10:31:07,724 INFO o.a.j.t.JMeterThread: Thread started: 家校 3-55
2021-01-27 10:31:07,761 INFO o.a.j.t.JMeterThread: Thread started: 发现――面授课直播 2-54
2021-01-27 10:31:07,844 INFO o.a.j.t.JMeterThread: Thread started: 家校 3-54
2021-01-27 10:31:07,881 INFO o.a.j.t.JMeterThread: Thread started: 发现――面授课直播 2-53
2021-01-27 10:31:07,964 INFO o.a.j.t.JMeterThread: Thread started: 家校 3-53
2021-01-27 10:31:08,001 INFO o.a.j.t.JMeterThread: Thread started: 发现――面授课直播 2-52
2021-01-27 10:31:08,084 INFO o.a.j.t.JMeterThread: Thread started: 家校 3-52
2021-01-27 10:31:08,121 INFO o.a.j.t.JMeterThread: Thread started: 发现――面授课直播 2-51
2021-01-27 10:31:08,204 INFO o.a.j.t.JMeterThread: Thread started: 家校 3-51
2021-01-27 10:31:08,241 INFO o.a.j.t.JMeterThread: Thread started: 发现――面授课直播 2-50
2021-01-27 10:31:08,324 INFO o.a.j.t.JMeterThread: Thread started: 家校 3-50
2021-01-27 10:31:08,361 INFO o.a.j.t.JMeterThread: Thread started: 发现――面授课直播 2-49
2021-01-27 10:31:08,444 INFO o.a.j.t.JMeterThread: Thread started: 家校 3-49
2021-01-27 10:31:08,481 INFO o.a.j.t.JMeterThread: Thread started: 发现――面授课直播 2-48
2021-01-27 10:31:08,564 INFO o.a.j.t.JMeterThread: Thread started: 家校 3-48
2021-01-27 10:31:08,601 INFO o.a.j.t.JMeterThread: Thread started: 发现――面授课直播 2-47
2021-01-27 10:31:08,684 INFO o.a.j.t.JMeterThread: Thread started: 家校 3-47
2021-01-27 10:31:08,721 INFO o.a.j.t.JMeterThread: Thread started: 发现――面授课直播 2-46
2021-01-27 10:31:08,804 INFO o.a.j.t.JMeterThread: Thread started: 家校 3-46
2021-01-27 10:31:08,841 INFO o.a.j.t.JMeterThread: Thread started: 发现――面授课直播 2-45
2021-01-27 10:31:08,924 INFO o.a.j.t.JMeterThread: Thread started: 家校 3-45
2021-01-27 10:31:09,026 INFO o.a.j.t.JMeterThread: Thread started: 发现――面授课直播 2-44
2021-01-27 10:31:09,044 INFO o.a.j.t.JMeterThread: Thread started: 家校 3-44
2021-01-27 10:31:09,081 INFO o.a.j.t.JMeterThread: Thread started: 发现――面授课直播 2-43
2021-01-27 10:31:09,164 INFO o.a.j.t.JMeterThread: Thread started: 家校 3-43
2021-01-27 10:31:09,201 INFO o.a.j.t.JMeterThread: Thread started: 发现――面授课直播 2-42
2021-01-27 10:31:09,284 INFO o.a.j.t.JMeterThread: Thread started: 家校 3-42
2021-01-27 10:31:09,321 INFO o.a.j.t.JMeterThread: Thread started: 发现――面授课直播 2-41
2021-01-27 10:31:09,404 INFO o.a.j.t.JMeterThread: Thread started: 家校 3-41
2021-01-27 10:31:09,441 INFO o.a.j.t.JMeterThread: Thread started: 发现――面授课直播 2-40
2021-01-27 10:31:09,524 INFO o.a.j.t.JMeterThread: Thread started: 家校 3-40
2021-01-27 10:31:09,561 INFO o.a.j.t.JMeterThread: Thread started: 发现――面授课直播 2-39
2021-01-27 10:31:09,644 INFO o.a.j.t.JMeterThread: Thread started: 家校 3-39
2021-01-27 10:31:09,681 INFO o.a.j.t.JMeterThread: Thread started: 发现――面授课直播 2-38
2021-01-27 10:31:09,764 INFO o.a.j.t.JMeterThread: Thread started: 家校 3-38
2021-01-27 10:31:09,801 INFO o.a.j.t.JMeterThread: Thread started: 发现――面授课直播 2-37
2021-01-27 10:31:09,884 INFO o.a.j.t.JMeterThread: Thread started: 家校 3-37
2021-01-27 10:31:09,921 INFO o.a.j.t.JMeterThread: Thread started: 发现――面授课直播 2-36
2021-01-27 10:31:10,004 INFO o.a.j.t.JMeterThread: Thread started: 家校 3-36
2021-01-27 10:31:10,041 INFO o.a.j.t.JMeterThread: Thread started: 发现――面授课直播 2-35
2021-01-27 10:31:10,124 INFO o.a.j.t.JMeterThread: Thread started: 家校 3-35
2021-01-27 10:31:10,161 INFO o.a.j.t.JMeterThread: Thread started: 发现――面授课直播 2-34
2021-01-27 10:31:10,244 INFO o.a.j.t.JMeterThread: Thread started: 家校 3-34
2021-01-27 10:31:10,281 INFO o.a.j.t.JMeterThread: Thread started: 发现――面授课直播 2-33
2021-01-27 10:31:10,364 INFO o.a.j.t.JMeterThread: Thread started: 家校 3-33
2021-01-27 10:31:10,401 INFO o.a.j.t.JMeterThread: Thread started: 发现――面授课直播 2-32
2021-01-27 10:31:10,484 INFO o.a.j.t.JMeterThread: Thread started: 家校 3-32
2021-01-27 10:31:10,521 INFO o.a.j.t.JMeterThread: Thread started: 发现――面授课直播 2-31
2021-01-27 10:31:10,604 INFO o.a.j.t.JMeterThread: Thread started: 家校 3-31
2021-01-27 10:31:10,641 INFO o.a.j.t.JMeterThread: Thread started: 发现――面授课直播 2-30
2021-01-27 10:31:10,724 INFO o.a.j.t.JMeterThread: Thread started: 家校 3-30
2021-01-27 10:31:10,761 INFO o.a.j.t.JMeterThread: Thread started: 发现――面授课直播 2-29
2021-01-27 10:31:10,844 INFO o.a.j.t.JMeterThread: Thread started: 家校 3-29
2021-01-27 10:31:10,881 INFO o.a.j.t.JMeterThread: Thread started: 发现――面授课直播 2-28
2021-01-27 10:31:10,964 INFO o.a.j.t.JMeterThread: Thread started: 家校 3-28
2021-01-27 10:31:11,001 INFO o.a.j.t.JMeterThread: Thread started: 发现――面授课直播 2-27
2021-01-27 10:31:11,084 INFO o.a.j.t.JMeterThread: Thread started: 家校 3-27
2021-01-27 10:31:11,121 INFO o.a.j.t.JMeterThread: Thread started: 发现――面授课直播 2-26
2021-01-27 10:31:11,204 INFO o.a.j.t.JMeterThread: Thread started: 家校 3-26
2021-01-27 10:31:11,241 INFO o.a.j.t.JMeterThread: Thread started: 发现――面授课直播 2-25
2021-01-27 10:31:11,324 INFO o.a.j.t.JMeterThread: Thread started: 家校 3-25
2021-01-27 10:31:11,361 INFO o.a.j.t.JMeterThread: Thread started: 发现――面授课直播 2-24
2021-01-27 10:31:11,444 INFO o.a.j.t.JMeterThread: Thread started: 家校 3-24
2021-01-27 10:31:11,481 INFO o.a.j.t.JMeterThread: Thread started: 发现――面授课直播 2-23
2021-01-27 10:31:11,564 INFO o.a.j.t.JMeterThread: Thread started: 家校 3-23
2021-01-27 10:31:11,601 INFO o.a.j.t.JMeterThread: Thread started: 发现――面授课直播 2-22
2021-01-27 10:31:11,684 INFO o.a.j.t.JMeterThread: Thread started: 家校 3-22
2021-01-27 10:31:11,721 INFO o.a.j.t.JMeterThread: Thread started: 发现――面授课直播 2-21
2021-01-27 10:31:11,804 INFO o.a.j.t.JMeterThread: Thread started: 家校 3-21
2021-01-27 10:31:11,841 INFO o.a.j.t.JMeterThread: Thread started: 发现――面授课直播 2-20
2021-01-27 10:31:11,924 INFO o.a.j.t.JMeterThread: Thread started: 家校 3-20
2021-01-27 10:31:11,961 INFO o.a.j.t.JMeterThread: Thread started: 发现――面授课直播 2-19
2021-01-27 10:31:12,045 INFO o.a.j.t.JMeterThread: Thread started: 家校 3-19
2021-01-27 10:31:12,081 INFO o.a.j.t.JMeterThread: Thread started: 发现――面授课直播 2-18
2021-01-27 10:31:12,164 INFO o.a.j.t.JMeterThread: Thread started: 家校 3-18
2021-01-27 10:31:12,201 INFO o.a.j.t.JMeterThread: Thread started: 发现――面授课直播 2-17
2021-01-27 10:31:12,285 INFO o.a.j.t.JMeterThread: Thread started: 家校 3-17
2021-01-27 10:31:12,321 INFO o.a.j.t.JMeterThread: Thread started: 发现――面授课直播 2-16
2021-01-27 10:31:12,404 INFO o.a.j.t.JMeterThread: Thread started: 家校 3-16
2021-01-27 10:31:12,441 INFO o.a.j.t.JMeterThread: Thread started: 发现――面授课直播 2-15
2021-01-27 10:31:12,524 INFO o.a.j.t.JMeterThread: Thread started: 家校 3-15
2021-01-27 10:31:12,561 INFO o.a.j.t.JMeterThread: Thread started: 发现――面授课直播 2-14
2021-01-27 10:31:12,644 INFO o.a.j.t.JMeterThread: Thread started: 家校 3-14
2021-01-27 10:31:12,681 INFO o.a.j.t.JMeterThread: Thread started: 发现――面授课直播 2-13
2021-01-27 10:31:12,764 INFO o.a.j.t.JMeterThread: Thread started: 家校 3-13
2021-01-27 10:31:12,801 INFO o.a.j.t.JMeterThread: Thread started: 发现――面授课直播 2-12
2021-01-27 10:31:12,884 INFO o.a.j.t.JMeterThread: Thread started: 家校 3-12
2021-01-27 10:31:12,921 INFO o.a.j.t.JMeterThread: Thread started: 发现――面授课直播 2-11
2021-01-27 10:31:13,004 INFO o.a.j.t.JMeterThread: Thread started: 家校 3-11
2021-01-27 10:31:13,041 INFO o.a.j.t.JMeterThread: Thread started: 发现――面授课直播 2-10
2021-01-27 10:31:13,124 INFO o.a.j.t.JMeterThread: Thread started: 家校 3-10
2021-01-27 10:31:13,161 INFO o.a.j.t.JMeterThread: Thread started: 发现――面授课直播 2-9
2021-01-27 10:31:13,244 INFO o.a.j.t.JMeterThread: Thread started: 家校 3-9
2021-01-27 10:31:13,281 INFO o.a.j.t.JMeterThread: Thread started: 发现――面授课直播 2-8
2021-01-27 10:31:13,364 INFO o.a.j.t.JMeterThread: Thread started: 家校 3-8
2021-01-27 10:31:13,401 INFO o.a.j.t.JMeterThread: Thread started: 发现――面授课直播 2-7
2021-01-27 10:31:13,484 INFO o.a.j.t.JMeterThread: Thread started: 家校 3-7
2021-01-27 10:31:13,521 INFO o.a.j.t.JMeterThread: Thread started: 发现――面授课直播 2-6
2021-01-27 10:31:13,604 INFO o.a.j.t.JMeterThread: Thread started: 家校 3-6
2021-01-27 10:31:13,641 INFO o.a.j.t.JMeterThread: Thread started: 发现――面授课直播 2-5
2021-01-27 10:31:13,724 INFO o.a.j.t.JMeterThread: Thread started: 家校 3-5
2021-01-27 10:31:13,761 INFO o.a.j.t.JMeterThread: Thread started: 发现――面授课直播 2-4
2021-01-27 10:31:13,844 INFO o.a.j.t.JMeterThread: Thread started: 家校 3-4
2021-01-27 10:31:13,881 INFO o.a.j.t.JMeterThread: Thread started: 发现――面授课直播 2-3
2021-01-27 10:31:13,964 INFO o.a.j.t.JMeterThread: Thread started: 家校 3-3
2021-01-27 10:31:14,001 INFO o.a.j.t.JMeterThread: Thread started: 发现――面授课直播 2-2
2021-01-27 10:31:14,084 INFO o.a.j.t.JMeterThread: Thread started: 家校 3-2
2021-01-27 10:31:14,121 INFO o.a.j.t.JMeterThread: Thread started: 发现――面授课直播 2-1
2021-01-27 10:31:14,204 INFO o.a.j.t.JMeterThread: Thread started: 家校 3-1
2021-01-27 10:31:30,001 INFO o.a.j.r.Summariser: summary +   8476 in 00:00:30 =  282.6/s Avg:  2373 Min:    18 Max: 17677 Err:  1401 (16.53%) Active: 750 Started: 750 Finished: 0
2021-01-27 10:31:30,006 INFO o.a.j.r.Summariser: summary =  11346 in 00:00:46 =  246.5/s Avg:  2063 Min:    18 Max: 17677 Err:  1401 (12.35%)
